epoch,loss,policy_acc,policy_loss,val_loss,val_policy_acc,val_policy_loss,val_value_acc,val_value_loss,value_acc,value_loss
0,5.743261567840576,0.01475,5.498798,5.265793397064209,0.03784,5.0254083,0.60149,0.2400792,0.59463,0.24361522
1,4.932716665496826,0.06758,4.692084,4.838390144958496,0.08657,4.5984325,0.60149,0.23978242,0.60096,0.24015488
2,4.52264906867981,0.14298,4.28185,4.51310734451294,0.17207,4.2729545,0.60149,0.23980682,0.60096,0.24006338
3,4.041268728942871,0.2378,3.7998464,4.233426468353271,0.23014,3.9931452,0.60149,0.23980322,0.60096,0.24002014
4,3.62151519115448,0.2949,3.379656,4.1345550350952145,0.24162,3.894298,0.60149,0.23981062,0.60096,0.24000768
5,3.8886341177368164,0.26409,3.648789,3.7808503504943847,0.27726,3.5408027,0.60149,0.23974504,0.60079,0.2400437
6,3.5160631161499025,0.29936,3.2755332,3.7076161239624024,0.27831,3.4675837,0.60149,0.23974526,0.60079,0.2400447
7,3.240980718536377,0.33204,3.0001092,3.7340035163879395,0.27172,3.493923,0.60149,0.23974566,0.60079,0.2400412
8,3.0255992661285402,0.36315,2.7843642,3.7910621646881104,0.26488,3.5510247,0.60149,0.23974623,0.60079,0.24003853
9,2.849826119384766,0.39149,2.6083245,3.8925197285461426,0.25872,3.6524403,0.60149,0.23974119,0.60079,0.24005179
10,3.656705365982056,0.28271,3.417675,3.565286935119629,0.29518,3.3249397,0.60149,0.23983386,0.6064,0.23892003
11,3.3838499435424803,0.31239,3.1441703,3.542414594192505,0.29449,3.3021038,0.60149,0.23985308,0.6064,0.23890692
12,3.1668107041549685,0.33948,2.9265733,3.5925501482391358,0.28509,3.352104,0.60149,0.23986591,0.6064,0.23890382
13,2.9698713047409058,0.36835,2.7292106,3.729229762573242,0.27137,3.488792,0.60149,0.23987591,0.6064,0.23889752
14,2.799970884552002,0.39555,2.5592773,3.7816526943969726,0.27163,3.5412166,0.60149,0.23988543,0.6064,0.2388969
15,3.529913645477295,0.29201,3.2912943,3.433673405914307,0.30736,3.1933572,0.60149,0.23990963,0.6064,0.23881601
16,3.289139380645752,0.3201,3.0500124,3.4242524127197265,0.30335,3.1836665,0.60149,0.240118,0.6064,0.23883149
17,3.0886149954223634,0.34544,2.848972,3.448380419692993,0.30012,3.207905,0.60149,0.23989353,0.6064,0.2388245
18,2.9080054216384887,0.37293,2.6679382,3.503064360809326,0.29366,3.2625482,0.60149,0.23988524,0.6064,0.23882987
19,2.7435030027389526,0.40072,2.5032234,3.5897861988067628,0.2873,3.349327,0.60149,0.23987807,0.6064,0.23882216
20,3.4411095947265626,0.30056,3.2017124,3.3507800663757323,0.31017,3.1105032,0.60149,0.23968355,0.60331,0.23946205
21,3.216393590927124,0.32676,2.9764707,3.3361092167663573,0.30863,3.0958364,0.60149,0.23968321,0.60331,0.23946095
22,3.039263638343811,0.35083,2.798803,3.3587812773132324,0.30591,3.1184375,0.60149,0.23968324,0.60331,0.23944655
23,2.866023806838989,0.37821,2.6252673,3.430702877883911,0.29875,3.1902318,0.60149,0.23968357,0.60331,0.2394531
24,2.7055141651535033,0.40463,2.464546,3.512077271347046,0.29472,3.271573,0.60149,0.23968399,0.60331,0.23944381
25,3.3716670253753662,0.30622,3.1327357,3.296572074737549,0.31397,3.0561645,0.60149,0.23979037,0.60577,0.23898679
26,3.1627371086883547,0.33247,2.9232988,3.289286027908325,0.3104,3.0488625,0.60149,0.23978506,0.60577,0.23900132
27,2.9938269088745115,0.35557,2.7539403,3.317247210922241,0.30884,3.0768468,0.60149,0.23978849,0.60577,0.2389861
28,2.828143733596802,0.38171,2.5879989,3.385570908737183,0.302,3.1451151,0.60149,0.23978476,0.60577,0.23898712
29,2.676612274360657,0.40769,2.436246,3.4751602925109863,0.29647,3.2346504,0.60149,0.23977698,0.60577,0.23900723
30,3.3335637117767334,0.30713,3.0934753,3.26898487197876,0.31861,3.0286899,0.60149,0.2397969,0.60301,0.23949914
31,3.135508754272461,0.33217,2.895122,3.253781651687622,0.31519,3.0134482,0.60149,0.23979507,0.60301,0.23950332
32,2.973193643836975,0.35545,2.732543,3.2773936491394045,0.31111,3.0370421,0.60149,0.2397994,0.60301,0.23951353
33,2.8137321883010866,0.38133,2.5725873,3.3453708740234376,0.30375,3.1050272,0.60149,0.23978996,0.60301,0.23950064
34,2.663222687988281,0.40778,2.4221199,3.4240066678619385,0.29832,3.1835968,0.60149,0.2397846,0.60301,0.23951386
35,3.2962576358032227,0.31202,3.0563478,3.215590528411865,0.32324,2.9753025,0.60149,0.23968628,0.60274,0.23957528
36,3.1142453715515135,0.33574,2.8741717,3.215255991973877,0.32214,2.9749699,0.60149,0.23968634,0.60274,0.23956312
37,2.958235574417114,0.35766,2.7177258,3.2389199044799803,0.32127,2.998625,0.60149,0.23968558,0.60274,0.23956992
38,2.811089226074219,0.38157,2.5702643,3.286547261428833,0.31717,3.0461686,0.60149,0.23968719,0.60274,0.23956038
39,2.6649455828857422,0.4076,2.4238822,3.372053692855835,0.31149,3.1316686,0.60149,0.23968734,0.60274,0.23956975
40,3.2692770417785644,0.31401,3.0299504,3.1683165045166017,0.32578,2.9281406,0.60149,0.23974572,0.60505,0.23904552
41,3.088432049026489,0.33957,2.8488474,3.1712680220794676,0.32758,2.9310427,0.60149,0.2397285,0.60505,0.2390448
42,2.9390028914260866,0.36036,2.6990077,3.196428173980713,0.32355,2.9562511,0.60149,0.23974623,0.60505,0.23904486
43,2.7934829443359375,0.38456,2.5532532,3.2509524313354494,0.32052,3.0107915,0.60149,0.23973726,0.60505,0.23904262
44,2.6550903062438964,0.40774,2.414702,3.314463593673706,0.3169,3.0743735,0.60149,0.23974627,0.60505,0.23904127
45,3.2315207414245606,0.31986,2.9922907,3.1636507930755617,0.32585,2.9232974,0.60149,0.23986307,0.60341,0.2394502
46,3.058706735687256,0.34268,2.8189225,3.155328391494751,0.32466,2.91494,0.60149,0.23985618,0.60341,0.23948696
47,2.9193455032348634,0.36201,2.6793485,3.1769337519836425,0.32138,2.936466,0.60149,0.23985122,0.60341,0.23945247
48,2.7771253743743896,0.38679,2.5368247,3.222020235671997,0.31641,2.9816148,0.60149,0.23985234,0.60341,0.23946173
49,2.6387566733551027,0.41162,2.3981538,3.292159817352295,0.31289,3.051825,0.60149,0.2398459,0.60341,0.23945075
