epoch,loss,policy_acc,policy_loss,val_loss,val_policy_acc,val_policy_loss,val_value_acc,val_value_loss,value_acc,value_loss
0,5.3438037364196775,0.03639,5.1026654,5.026516882324219,0.06005,4.787109,0.60146,0.23929247,0.6016,0.24091212
1,4.768433420410156,0.08006,4.5300336,4.826980377197265,0.09172,4.586499,0.60149,0.24026193,0.60623,0.23798245
2,4.401153363342285,0.16709,4.161368,4.402619234771729,0.20029,4.1619554,0.60149,0.24019404,0.6064,0.2389165
3,4.13035140045166,0.25016,3.8912828,4.020706941986084,0.26177,3.780081,0.60149,0.23982325,0.60331,0.23950216
4,3.697760609436035,0.29384,3.4579651,3.9304299355316163,0.25921,3.6898246,0.60149,0.23981054,0.60331,0.23949955
5,3.401009072113037,0.32511,3.1604562,3.859867538757324,0.26358,3.6192906,0.60149,0.23978418,0.60331,0.23949715
6,3.166796127281189,0.35509,2.9259818,3.8915678871917723,0.26941,3.65098,0.60149,0.23976594,0.60331,0.23949055
7,3.683461682128906,0.29419,3.444235,3.642963212509155,0.29102,3.4024136,0.60149,0.23979,0.60577,0.23903443
8,3.3943605339813234,0.32212,3.154747,3.735783476104736,0.26974,3.495405,0.60149,0.23969857,0.60577,0.23903859
9,3.164907980041504,0.34897,2.9248087,3.763546559677124,0.26854,3.5229986,0.60149,0.23978488,0.60577,0.23904602
10,2.9717082065582274,0.37553,2.7314537,3.7443498818969725,0.27523,3.5038931,0.60149,0.23974426,0.60577,0.23904437
11,3.5156946703338625,0.30233,3.275661,3.449376384963989,0.31093,3.2088785,0.60149,0.23984188,0.6029,0.23957762
12,3.261350775680542,0.32996,3.020984,3.4770776262664795,0.30371,3.2366502,0.60149,0.2398387,0.60301,0.23955669
13,3.0603687072753907,0.3565,2.819468,3.5107400817871093,0.29903,3.2702312,0.60149,0.2398509,0.60301,0.23956354
14,2.8882184565734863,0.38272,2.647084,3.5855420363616943,0.29263,3.3451047,0.60149,0.23984009,0.60301,0.23957032
15,3.4193583271026613,0.31219,3.1792812,3.5121377032470704,0.29581,3.2717307,0.60149,0.23968297,0.60274,0.23964578
16,3.180260637435913,0.33921,2.9399397,3.475616209793091,0.29811,3.235147,0.60149,0.2396831,0.60274,0.23964213
17,2.995448006477356,0.36309,2.7546418,3.5333144562530516,0.29165,3.2928271,0.60149,0.2396831,0.60274,0.23962136
18,2.8321926594924927,0.39023,2.591324,3.5192125370788574,0.29676,3.2786741,0.60149,0.23968312,0.60274,0.23962694
19,3.3611435871887205,0.31705,3.1218927,3.2939963863372803,0.32281,3.0535774,0.60149,0.23975965,0.60505,0.23909892
20,3.1324733215332032,0.34579,2.8927727,3.318840790557861,0.31735,3.0784874,0.60149,0.23976016,0.60505,0.23911129
21,2.951101181259155,0.3682,2.710955,3.4076129988098143,0.30487,3.167269,0.60149,0.23975654,0.60505,0.23909193
22,2.7960216460418703,0.39404,2.5555782,3.4573092617797854,0.30244,3.2170086,0.60149,0.2397545,0.60505,0.2390886
23,3.3017450077056885,0.32252,3.0622072,3.251451565322876,0.32811,3.0109048,0.60149,0.2400539,0.60341,0.23948121
24,3.084681187667847,0.34952,2.8445866,3.242622642211914,0.32633,3.001957,0.60149,0.24002448,0.60341,0.23949963
25,2.908253160095215,0.37347,2.6678922,3.317661294555664,0.31236,3.076984,0.60149,0.24000393,0.60341,0.2394968
26,2.757529102630615,0.39817,2.5168467,3.3760140139770507,0.30988,3.1354222,0.60149,0.24000165,0.60341,0.23949283
27,3.265704791641235,0.32299,3.0268986,3.2118860819244386,0.3329,2.9715776,0.60149,0.23968777,0.6065,0.23880213
28,3.054046704940796,0.3491,2.8147295,3.221674635009766,0.32812,2.9814875,0.60149,0.23968752,0.6065,0.23879074
29,3.215978025665283,0.32677,2.9757597,3.1526305226135256,0.3406,2.9122012,0.60149,0.23977953,0.59999,0.24006705
30,3.0131360208129885,0.35286,2.7721736,3.1601676876068114,0.33554,2.9196336,0.60149,0.23978278,0.59999,0.24007948
31,3.189099412307739,0.33163,2.9495366,3.133600807647705,0.34403,2.8930087,0.60149,0.23983955,0.60531,0.23906788
32,2.9848461700439453,0.35734,2.7449424,3.1358389256286623,0.34075,2.895306,0.60149,0.2397005,0.60531,0.23906115
33,3.1652773136138914,0.33215,2.925279,3.1171063967895507,0.34088,2.8766947,0.60149,0.23979609,0.60118,0.23991041
34,2.9618025220489503,0.36038,2.721384,3.1644120777893066,0.33066,2.9240289,0.60149,0.23979536,0.60118,0.23991673
35,3.136928169326782,0.33724,2.8977509,3.0892440466308595,0.34122,2.8488085,0.60149,0.23975015,0.60218,0.23976456
36,2.941792638244629,0.36306,2.7018757,3.110825350570679,0.33341,2.8703172,0.60149,0.23974334,0.60218,0.23973274
37,3.1350056272888183,0.33617,2.8956733,3.0689228871154786,0.33936,2.8286557,0.60149,0.23970538,0.6033,0.23950851
38,2.9410476447296143,0.36381,2.701216,3.1169563735961914,0.32825,2.876721,0.60149,0.2396842,0.6033,0.23950773
39,3.1025764002227785,0.33966,2.8624027,3.1360954175567626,0.32996,2.8956764,0.60149,0.23984554,0.60066,0.23997775
40,2.913935190887451,0.36613,2.6733005,3.0771563339233396,0.33731,2.83678,0.60149,0.23983991,0.60066,0.2399737
41,3.0866835428619384,0.34185,2.8467567,3.039275733642578,0.34849,2.799022,0.60149,0.23970182,0.60195,0.23976125
42,2.9034260303497312,0.36662,2.6630857,3.060483203125,0.34155,2.8202338,0.60149,0.23969969,0.60195,0.23977143
43,3.090703605270386,0.34045,2.8519819,3.0534467805480956,0.34333,2.8132706,0.60149,0.23971045,0.6032,0.2394807
44,2.9050341009521485,0.36728,2.6654828,3.066362822723389,0.33826,2.826099,0.60149,0.23975733,0.6032,0.23948216
45,3.0871828625488282,0.34017,2.8476765,3.0288192183685303,0.34825,2.7884636,0.60149,0.23988682,0.60255,0.23962744
46,2.9019934413909914,0.36572,2.6619258,3.0577832301330568,0.34266,2.817421,0.60149,0.23987857,0.60255,0.23962556
47,3.0673497606658935,0.34314,2.8283823,3.0192796063232423,0.34734,2.7789903,0.60149,0.23969586,0.60614,0.23891462
48,2.8850201997375486,0.36885,2.6454997,3.063644545669556,0.33864,2.8232872,0.60149,0.23969649,0.60614,0.2389218
49,3.0635490546417237,0.34333,2.823578,3.003915754699707,0.35469,2.763653,0.60149,0.23978955,0.60078,0.23999774
50,2.8844365202331543,0.36785,2.6439824,3.022689871673584,0.3499,2.78251,0.60149,0.23973802,0.60078,0.24001348
51,3.0541520259094237,0.34475,2.8142078,2.9884358146667482,0.35076,2.748207,0.60149,0.23976646,0.60221,0.23968321
52,2.875832364501953,0.37056,2.6354847,3.0699080810546877,0.33537,2.829635,0.60149,0.23976652,0.60221,0.23967706
53,3.043046603851318,0.34415,2.803877,2.9759466807556154,0.35325,2.735862,0.60149,0.239773,0.60349,0.23936509
54,2.8661063845825194,0.37156,2.6264827,3.0018142028045656,0.34801,2.7617338,0.60149,0.23977211,0.60349,0.23937792
55,3.0305360003662107,0.3464,2.7906885,2.9660882679748535,0.36048,2.7257483,0.60149,0.23979391,0.60129,0.23986758
56,2.8530440502929686,0.3723,2.6127737,3.000953404846191,0.35316,2.760691,0.60149,0.23968318,0.60129,0.23985825
57,3.0331724565124514,0.34731,2.7935197,2.980958726196289,0.35236,2.7406702,0.60149,0.23976174,0.60357,0.23939355
58,2.8621536328125,0.37138,2.6220543,3.0039295248413085,0.34986,2.763547,0.60149,0.23975419,0.60357,0.23940521
59,3.0261104124450684,0.34551,2.786075,2.9459032057189942,0.35656,2.7057126,0.60149,0.23968367,0.60412,0.23922862
60,2.8524189250946046,0.37117,2.611944,2.9715747456359862,0.35275,2.7313948,0.60149,0.2396831,0.60412,0.23922382
61,3.0162614737701414,0.34722,2.7772095,2.955328573913574,0.35579,2.714896,0.60149,0.23986202,0.60402,0.239287
62,2.846154836578369,0.37216,2.6065989,2.9742499417114256,0.34786,2.7337677,0.60149,0.23986268,0.60402,0.2392833
63,3.0067827990722655,0.34944,2.7669241,2.926707573852539,0.36081,2.6863456,0.60149,0.2397841,0.60222,0.23966512
64,2.8401140135192873,0.37408,2.599743,2.960480795516968,0.35331,2.7199795,0.60149,0.23978153,0.60222,0.23967569
65,3.0055276557922364,0.35141,2.7654955,2.9435665073394777,0.35825,2.7033308,0.60149,0.23969576,0.60082,0.23989539
66,2.8404787060546877,0.37529,2.6002095,2.962827100982666,0.35833,2.722644,0.60149,0.23969579,0.60082,0.23989555
67,3.0059732048034666,0.35004,2.766307,2.948016959915161,0.36038,2.7076204,0.60149,0.23978409,0.60062,0.23990808
68,2.8407925052642824,0.3738,2.6006725,2.960693156814575,0.35587,2.7202983,0.60149,0.23978353,0.60062,0.23990606
69,2.991857693710327,0.34979,2.751819,2.9395113553619385,0.36051,2.6991923,0.60149,0.23977654,0.60043,0.23998716
70,2.8251151748657226,0.37511,2.5848339,2.9366700198364257,0.35501,2.6964335,0.60149,0.2397737,0.60043,0.2399961
71,2.9770574502563476,0.35342,2.7377012,2.9419212232971192,0.35472,2.7015865,0.60149,0.23983039,0.60593,0.23885995
72,2.8128742763519288,0.37942,2.573241,2.9501346157836914,0.35689,2.7098613,0.60149,0.23983051,0.60593,0.23885925
73,2.9760248909759524,0.35368,2.7368975,2.9166510718536376,0.36114,2.6763806,0.60149,0.23971356,0.60316,0.23942578
74,2.8160714447021484,0.37659,2.5765226,2.933919234008789,0.35896,2.693586,0.60149,0.23971887,0.60316,0.23942244
75,2.964694404373169,0.35676,2.725151,2.9458099878692625,0.35987,2.7056532,0.60149,0.2397183,0.602,0.23972303
76,2.8050408959960937,0.38183,2.5649462,2.920926695022583,0.36061,2.6807728,0.60149,0.23970354,0.602,0.23974602
77,2.9694708570098878,0.35504,2.7297578,2.8968076441192627,0.3641,2.6566434,0.60149,0.23968387,0.60151,0.2397792
78,2.8110646363830565,0.37858,2.5708559,2.9267301190185546,0.35858,2.686694,0.60149,0.23968384,0.60151,0.239779
79,2.974907364196777,0.35088,2.7353957,2.8876902739715575,0.36648,2.6475365,0.60149,0.23968983,0.60366,0.23933537
80,2.8204999682617187,0.37455,2.5806448,2.912542096557617,0.36126,2.6723485,0.60149,0.23970024,0.60366,0.23933819
81,2.9614359532165526,0.35443,2.7215738,2.91597532081604,0.36411,2.6757977,0.60149,0.23969485,0.60381,0.23929103
82,2.803629115447998,0.37998,2.5633929,2.909180166320801,0.36145,2.6690323,0.60149,0.23968987,0.60381,0.23930238
83,2.9564907997894285,0.35852,2.717154,2.8862073051452635,0.36612,2.64598,0.60149,0.23972006,0.60118,0.23982087
84,2.801814008178711,0.38231,2.5618882,2.9094824816894533,0.36114,2.669248,0.60149,0.23971982,0.60118,0.2398206
85,2.96246096534729,0.35625,2.722335,2.886072476577759,0.36494,2.6458862,0.60149,0.23968789,0.60358,0.2393997
86,2.8065472101593016,0.37969,2.5662894,2.9217423359680175,0.35583,2.681578,0.60149,0.23968816,0.60358,0.23938133
87,2.9518850092315674,0.35498,2.7131255,2.885102728500366,0.36044,2.6448653,0.60149,0.23969097,0.60209,0.23967266
88,2.800831216049194,0.38013,2.5615788,2.8950442111968995,0.35917,2.654792,0.60149,0.23968947,0.60209,0.23967722
89,2.9474092434692385,0.35514,2.7083395,2.887739863052368,0.36466,2.6473715,0.60149,0.23978075,0.60456,0.23915687
90,2.7911422033691404,0.38135,2.5515974,2.8960423679351806,0.36372,2.655607,0.60149,0.2397759,0.60456,0.23917924
91,2.953426985015869,0.35631,2.7137735,2.87374711807251,0.36901,2.6333997,0.60149,0.2397106,0.60289,0.23948973
92,2.801890600128174,0.37897,2.561889,2.8898869297790526,0.36552,2.6495774,0.60149,0.23970966,0.60289,0.23950164
93,2.939449264450073,0.35801,2.6995587,2.874879795303345,0.37177,2.634586,0.60149,0.23969336,0.60292,0.23951401
94,2.788778576889038,0.38157,2.5485651,2.8885050399780274,0.36887,2.648279,0.60149,0.23969238,0.60292,0.23950878
95,2.9362289472961427,0.3594,2.6966894,2.8584682227325438,0.36866,2.6181154,0.60149,0.23969111,0.60446,0.23917314
96,2.7837168646240236,0.37971,2.5439012,2.865373821411133,0.3646,2.6251373,0.60149,0.23969094,0.60446,0.23917297
97,2.9319203523254393,0.35785,2.6916816,2.8740542185974123,0.36821,2.6336763,0.60149,0.23981816,0.60086,0.23989345
98,2.782792861251831,0.38168,2.5423036,2.8799431882476805,0.364,2.6395595,0.60149,0.23984931,0.60086,0.2399072
99,2.929892296142578,0.35977,2.6905107,2.8821157247161864,0.36984,2.6418164,0.60149,0.23970477,0.60496,0.23907483
100,2.928600465927124,0.36009,2.6893845,2.8462184617614747,0.36866,2.6059568,0.60149,0.23971494,0.60198,0.23964617
101,2.9199979438018797,0.3611,2.6808975,2.849143414077759,0.37206,2.6088436,0.60149,0.23969261,0.60398,0.23927125
102,2.9103695677948,0.36143,2.6710405,2.845205556640625,0.36855,2.6050181,0.60149,0.2396903,0.60294,0.23943524
103,2.891177341384888,0.36408,2.6521382,2.843607258605957,0.37214,2.603133,0.60149,0.23971853,0.60436,0.23914778
104,2.897464015045166,0.36297,2.6583898,2.852163540267944,0.36962,2.6118963,0.60149,0.23971897,0.60352,0.23930462
105,2.885735197982788,0.36435,2.6460283,2.8453717445373536,0.37089,2.6049683,0.60149,0.23969312,0.60143,0.23979878
106,2.891157543411255,0.3629,2.6519632,2.880551186904907,0.36745,2.6402287,0.60149,0.23968847,0.60262,0.2395174
107,2.8821047648620604,0.36502,2.6427748,2.8284298139190676,0.37336,2.588179,0.60149,0.2396831,0.60305,0.23947912
108,2.880429475326538,0.36684,2.6408591,2.8302156066894533,0.37498,2.5892663,0.60149,0.24033533,0.60356,0.2393621
109,2.892517694015503,0.36206,2.6529095,2.8202003952026367,0.37388,2.579758,0.60149,0.2398128,0.60185,0.23968993
110,2.882370726699829,0.36384,2.6425316,2.830102786407471,0.37203,2.5898237,0.60149,0.23968293,0.60178,0.2397014
111,2.8825206703186037,0.36342,2.6430702,2.8158698768615724,0.37153,2.5755577,0.60149,0.2397754,0.6038,0.23934922
112,2.882950056228638,0.36193,2.642761,2.8153162770080566,0.3739,2.5749648,0.60149,0.23971514,0.60238,0.23958384
113,2.883064942398071,0.36434,2.6439993,2.810743327255249,0.37464,2.5703118,0.60149,0.23979965,0.60209,0.23963481
114,2.879551855926514,0.36512,2.6407328,2.8029871717071533,0.37657,2.562691,0.60149,0.23969214,0.60042,0.23998223
115,2.8768409777069093,0.36418,2.6375635,2.823824059448242,0.37435,2.5834913,0.60149,0.23969904,0.60322,0.23939607
116,2.873285356063843,0.36521,2.634121,2.81018602722168,0.37441,2.5697565,0.60149,0.23980528,0.6038,0.23930112
117,2.885781472091675,0.36333,2.6470366,2.8187321974182127,0.37422,2.5783415,0.60149,0.23973277,0.60251,0.23957069
118,2.8714686083984375,0.36464,2.631181,2.811964835510254,0.37376,2.571807,0.60149,0.23970057,0.60254,0.23953646
119,2.874608815841675,0.36313,2.635265,2.80636923828125,0.37404,2.566183,0.60149,0.23973712,0.60262,0.23951349
120,2.8537755012512207,0.36851,2.614648,2.810705058441162,0.37369,2.5704057,0.60149,0.23972163,0.6049,0.23904774
121,2.876312002410889,0.36356,2.6371658,2.8043300476074218,0.37389,2.5639498,0.60149,0.239828,0.60358,0.23935477
122,2.8740271585083006,0.36503,2.6346827,2.8097827724456788,0.37404,2.5695868,0.60149,0.23968422,0.60323,0.23938465
123,2.863451906051636,0.36751,2.6235178,2.795885548400879,0.37578,2.5555515,0.60149,0.23972113,0.6033,0.2394039
124,2.860554641647339,0.36603,2.6211686,2.8185670336151123,0.37366,2.5782635,0.60149,0.23972307,0.60442,0.23918927
125,2.8723192135620117,0.36177,2.6333985,2.7979523113250733,0.37546,2.5574899,0.60149,0.23983347,0.6059,0.23884816
126,2.8664118063354493,0.36634,2.627879,2.8020764612579345,0.37712,2.5617661,0.60149,0.2396939,0.60694,0.23863642
127,2.850919831161499,0.36688,2.612099,2.8008732194519044,0.37485,2.5605621,0.60149,0.23976469,0.60509,0.23903398
128,2.8567931824493407,0.36674,2.6165926,2.787553076171875,0.37968,2.5471578,0.60149,0.2397036,0.60199,0.23967445
129,2.855875934448242,0.36814,2.6165562,2.781824429702759,0.37821,2.5413542,0.60149,0.23977749,0.60393,0.23922718
130,2.8514128671264647,0.36888,2.6125488,2.781486837005615,0.37686,2.5410366,0.60149,0.23997562,0.60525,0.23894797
131,2.860533421020508,0.36838,2.6206539,2.7774730618286134,0.3781,2.5370462,0.60149,0.23989125,0.60089,0.23987308
132,2.8458563843536377,0.37036,2.6065974,2.800854687652588,0.37579,2.5604568,0.60149,0.23987764,0.60443,0.23913358
133,2.854426490020752,0.36736,2.6160173,2.8030680069732665,0.37545,2.5627367,0.60149,0.23968323,0.60804,0.23836988
134,2.8449384552001953,0.36802,2.6054296,2.816674210510254,0.37267,2.5764642,0.60149,0.23970121,0.60231,0.23958069
135,2.854456121063232,0.36695,2.6152198,2.784648748474121,0.37325,2.544375,0.60149,0.23970988,0.60447,0.23913339
136,2.8623296416473387,0.36577,2.622725,2.780159102859497,0.37724,2.5400493,0.60149,0.23972908,0.60206,0.23964469
137,2.8486960871887206,0.36716,2.608487,2.790555117492676,0.37648,2.5501964,0.60149,0.23980673,0.60151,0.23975837
138,2.849329500656128,0.36844,2.6107352,2.777215288314819,0.3783,2.5368087,0.60149,0.2398251,0.60491,0.23905201
139,2.8537525503540038,0.36872,2.6144598,2.774839106750488,0.38028,2.5345573,0.60149,0.23969352,0.60405,0.23922996
140,2.8393650339508056,0.36939,2.59965,2.7692923264312745,0.38054,2.5288997,0.60149,0.23975316,0.60072,0.23991601
141,2.841781731338501,0.36891,2.60341,2.7690923358917234,0.38016,2.5288148,0.60149,0.23970188,0.60394,0.23923025
142,2.845605377807617,0.36836,2.6062112,2.7733586656188964,0.37965,2.5328832,0.60149,0.23986553,0.60495,0.23903404
143,2.84314553894043,0.37063,2.6038218,2.76901534072876,0.37999,2.5287433,0.60149,0.23968521,0.60365,0.23932198
144,2.853212010574341,0.36723,2.614096,2.7767687730407715,0.38149,2.5365376,0.60149,0.23969552,0.60393,0.23921157
145,2.843876496658325,0.36894,2.6049337,2.769694126586914,0.37878,2.529461,0.60149,0.23971261,0.60284,0.2394873
146,2.842144879074097,0.36858,2.6029391,2.7697204829406736,0.38213,2.5291624,0.60149,0.24001932,0.60307,0.239432
147,2.833899327087402,0.37009,2.5951455,2.7627831600952146,0.38013,2.5224633,0.60149,0.23968394,0.60507,0.23904452
148,2.8363770739746093,0.37082,2.5971942,2.771333356628418,0.37913,2.53099,0.60149,0.23968886,0.60283,0.23948841
149,2.837011586380005,0.36998,2.597478,2.7735458409118654,0.3778,2.5331357,0.60149,0.23989624,0.6035,0.2393039
150,2.829337636489868,0.37047,2.5897355,2.772743881225586,0.37869,2.5324557,0.60149,0.23968582,0.60223,0.23960876
151,2.8298594175720213,0.37056,2.5908852,2.7658961670684814,0.38154,2.5255945,0.60149,0.23971486,0.60519,0.23900768
152,2.8315542248535155,0.37025,2.592586,2.761859462890625,0.38208,2.5214033,0.60149,0.23981602,0.60437,0.23915024
153,2.8327893925476073,0.36993,2.593857,2.7846413479614256,0.37913,2.5442371,0.60149,0.23977692,0.60487,0.23909861
154,2.8305184965515138,0.37297,2.5912411,2.777406785888672,0.37777,2.5371838,0.60149,0.23968747,0.60241,0.23953928
155,2.831174574737549,0.36938,2.5911667,2.755921752624512,0.38067,2.5156398,0.60149,0.23968305,0.60187,0.23965895
156,2.84239856880188,0.36816,2.6023476,2.7639765075683593,0.38015,2.5237207,0.60149,0.23970118,0.60198,0.23969445
157,2.8279074826049806,0.37222,2.5882728,2.7601748038482667,0.38107,2.5199573,0.60149,0.23968855,0.60233,0.23957026
158,2.8236494461822508,0.3706,2.5842562,2.7643342098236086,0.38051,2.5239534,0.60149,0.23977195,0.60134,0.23977023
159,2.824955244140625,0.37072,2.586051,2.7650244804382322,0.37999,2.5247824,0.60149,0.23975043,0.60476,0.23908843
160,2.8245458518218993,0.37022,2.5843368,2.7585847192382813,0.3818,2.518294,0.60149,0.23968461,0.60044,0.2399652
161,2.8184348735046387,0.37392,2.579248,2.765022535171509,0.38161,2.5245483,0.60149,0.23991455,0.60445,0.2391448
162,2.823199051437378,0.37164,2.5843952,2.75463745262146,0.38181,2.5143063,0.60149,0.23978563,0.60424,0.239185
163,2.8239815739440917,0.36963,2.584033,2.761298108444214,0.38024,2.521055,0.60149,0.2396911,0.6021,0.23961632
164,2.8280529930877685,0.37056,2.5882223,2.7757426362609863,0.37771,2.5354552,0.60149,0.2397758,0.60445,0.23912933
165,2.820172540588379,0.37347,2.5810142,2.7814251536560057,0.38135,2.5411103,0.60149,0.23970471,0.60391,0.2392444
166,2.8388250286865233,0.36993,2.598742,2.7621298828125,0.38203,2.521961,0.60149,0.23970017,0.60337,0.23935387
167,2.819897684173584,0.37149,2.579926,2.74765138671875,0.3817,2.507445,0.60149,0.23971415,0.59927,0.24018745
168,2.828844381561279,0.36967,2.5894866,2.748305287246704,0.38293,2.5080805,0.60149,0.2397439,0.60408,0.23922794
169,2.8164039974212645,0.37274,2.5770502,2.7479601314544677,0.38257,2.507562,0.60149,0.23984021,0.60214,0.23963831
170,2.8250697345733644,0.37111,2.5852416,2.7340075303649902,0.38426,2.4937751,0.60149,0.23968385,0.60257,0.23949863
171,2.810667152786255,0.37331,2.5715506,2.761025323638916,0.38017,2.5208638,0.60149,0.23969655,0.60593,0.2388165
172,2.815186143798828,0.36986,2.5760474,2.744190855026245,0.38301,2.5037994,0.60149,0.23979115,0.60342,0.23934652
173,2.8136440678405763,0.37283,2.5744333,2.748858272857666,0.38188,2.5085838,0.60149,0.2396835,0.60424,0.23917818
174,2.819032893600464,0.37053,2.579233,2.7570031929779053,0.38181,2.5165882,0.60149,0.2398021,0.60304,0.23942234
175,2.815756391906738,0.37145,2.575876,2.744006618041992,0.38314,2.5036983,0.60149,0.23973152,0.60299,0.23942694
176,2.823470464401245,0.37039,2.58398,2.734784059371948,0.38551,2.4945238,0.60149,0.2396835,0.60341,0.2393531
177,2.8152624015045165,0.37036,2.5750382,2.7398145374298095,0.38396,2.4995046,0.60149,0.23968327,0.60075,0.23989932
178,2.8082561947631834,0.37346,2.5688658,2.745815888366699,0.38307,2.505569,0.60149,0.23978409,0.60364,0.23925896
179,2.8133026565551758,0.37355,2.5737913,2.7553312786102295,0.37953,2.5150256,0.60149,0.23968312,0.60187,0.23969236
180,2.8146328398132323,0.37317,2.5756276,2.7350686447906494,0.38404,2.4948046,0.60149,0.23968941,0.6046,0.23912412
181,2.80985810043335,0.37319,2.5708203,2.7532494550323485,0.38091,2.512984,0.60149,0.23993105,0.605,0.23895283
182,2.8129009185791016,0.3721,2.5740833,2.7449995348358156,0.38314,2.5047877,0.60149,0.23969677,0.6035,0.2393244
183,2.8086989012145995,0.37285,2.5696263,2.735128204498291,0.3832,2.4949627,0.60149,0.23968785,0.60454,0.23913047
184,2.804156279220581,0.37413,2.5655947,2.759188812713623,0.37865,2.518923,0.60149,0.23982711,0.60369,0.23927529
185,2.818345014038086,0.37217,2.5790348,2.7274411919403074,0.38304,2.4872804,0.60149,0.23970395,0.60408,0.23921807
186,2.812479313812256,0.37372,2.5738442,2.7318816590881347,0.38418,2.4918287,0.60149,0.23970638,0.60443,0.23911588
187,2.802429844284058,0.37463,2.562312,2.7303068397521972,0.38237,2.4901135,0.60149,0.2397437,0.60086,0.23989324
188,2.800600486755371,0.37649,2.5624826,2.741586057357788,0.38391,2.5013635,0.60149,0.23970178,0.603,0.2394466
189,2.8088239252471925,0.37335,2.569597,2.7352052476501463,0.38266,2.4951286,0.60149,0.23968612,0.60322,0.23938271
190,2.810691289291382,0.37325,2.571457,2.7504255672454834,0.38028,2.5102458,0.60149,0.23974119,0.60359,0.23929407
191,2.808776290512085,0.37226,2.569094,2.7247321148681642,0.38589,2.4844127,0.60149,0.23988168,0.60198,0.23966816
192,2.80456374168396,0.37435,2.564985,2.742824679336548,0.38345,2.502669,0.60149,0.23972797,0.60127,0.23977922
193,2.8075926066589356,0.37311,2.5685008,2.7358888166046142,0.38296,2.495692,0.60149,0.23968603,0.60489,0.23905641
194,2.8083943926239012,0.37195,2.568894,2.7468933835601805,0.38328,2.506747,0.60149,0.23968649,0.60252,0.23951405
195,2.8042462871551512,0.37399,2.5644712,2.7270764366912843,0.3854,2.4868164,0.60149,0.23969705,0.60113,0.23986639
196,2.7938677573776247,0.37727,2.5537317,2.7448030019378664,0.38579,2.5044513,0.60149,0.23972684,0.60344,0.23932515
197,2.79557684753418,0.3756,2.5565958,2.7319499893951416,0.38472,2.4917967,0.60149,0.23968783,0.6049,0.23907292
198,2.8000046199798585,0.37355,2.5608845,2.740650668792725,0.38471,2.5003204,0.60149,0.23968937,0.60349,0.23930314
199,2.797183620376587,0.37565,2.5573318,2.7268415278625486,0.38504,2.4866166,0.60149,0.23968822,0.60313,0.2394157
200,2.801618811798096,0.37423,2.5625107,2.7194262518310546,0.38563,2.4791157,0.60149,0.23974636,0.60323,0.2393759
201,2.795581103439331,0.37251,2.5564597,2.7516057041168214,0.38161,2.511302,0.60149,0.23975226,0.60426,0.23919104
202,2.807542673492432,0.37276,2.5682077,2.7238080571746828,0.38433,2.4835763,0.60149,0.23969017,0.60284,0.23943157
203,2.8009143585968017,0.3744,2.5618932,2.7281601709747316,0.38525,2.4878883,0.60149,0.23974393,0.60256,0.23952295
204,2.7928104499053954,0.37581,2.55362,2.723810115814209,0.38457,2.4835386,0.60149,0.23970087,0.60468,0.23907812
205,2.7990416277313233,0.37471,2.5597079,2.7145790016937257,0.38572,2.4744115,0.60149,0.2396836,0.6034,0.23938306
206,2.8059584555816652,0.37471,2.5664873,2.7276637483215334,0.38332,2.4873757,0.60149,0.23969181,0.60299,0.23943192
207,2.8018387989807128,0.37179,2.5614085,2.771852767486572,0.38122,2.5316174,0.60149,0.23968889,0.60077,0.23987606
208,2.805495127334595,0.3726,2.565899,2.731372431716919,0.38505,2.491121,0.60149,0.23974922,0.60211,0.23963961
209,2.7954772802734373,0.37382,2.5562308,2.720425326309204,0.38776,2.4801414,0.60149,0.2397042,0.60535,0.23893246
210,2.7985235596466063,0.37313,2.5599074,2.765426827392578,0.3793,2.5252028,0.60149,0.23974888,0.60519,0.23899184
211,2.7948141836547853,0.37402,2.5559554,2.716979150924683,0.38587,2.4766717,0.60149,0.23968741,0.60549,0.23891594
212,2.797471972732544,0.37357,2.5577295,2.7208370265960693,0.38529,2.4804983,0.60149,0.23969324,0.60118,0.23983893
213,2.785890105895996,0.37545,2.5465677,2.7160093475341798,0.38787,2.4757245,0.60149,0.2396843,0.60461,0.23907065
214,2.7898914066314697,0.37592,2.5508456,2.7307449500274656,0.3851,2.4905813,0.60149,0.23969275,0.60262,0.23951036
215,2.79172720993042,0.37643,2.5520046,2.7137653075408936,0.38638,2.4734187,0.60149,0.2397889,0.60019,0.23999804
216,2.79439248626709,0.37325,2.5555723,2.7199086242675783,0.38563,2.479558,0.60149,0.23978245,0.60472,0.23909293
217,2.77502953125,0.37927,2.5361795,2.7121890125274657,0.38579,2.4719145,0.60149,0.23971109,0.60451,0.23913662
218,2.7992578816986082,0.37299,2.5596352,2.71348094329834,0.3868,2.4731421,0.60149,0.23986264,0.60157,0.23970595
219,2.791386361083984,0.37303,2.5521636,2.734962359161377,0.38144,2.494546,0.60149,0.23981187,0.60305,0.2394273
220,2.7850313815307617,0.37484,2.5462294,2.720526655807495,0.38524,2.4802785,0.60149,0.23969218,0.60533,0.23892583
221,2.7914360250854493,0.37442,2.5519462,2.723314337463379,0.38272,2.483073,0.60149,0.2397081,0.60325,0.23935598
222,2.788572342071533,0.37623,2.5492134,2.7159011013793943,0.38484,2.4756985,0.60149,0.23972195,0.60065,0.23990455
223,2.783619180679321,0.37598,2.5439894,2.7234313623809814,0.38669,2.4831362,0.60149,0.23968391,0.60335,0.2393802
224,2.7954232918548585,0.37311,2.5560706,2.711285631866455,0.38695,2.4711092,0.60149,0.23970143,0.60163,0.23972495
225,2.7881929008483888,0.37531,2.5480442,2.709931795578003,0.3888,2.4696336,0.60149,0.2397561,0.5991,0.24020267
226,2.7766756469726563,0.37655,2.5374377,2.712616993179321,0.38679,2.472491,0.60149,0.23971337,0.60436,0.23917674
227,2.7868929836273195,0.37582,2.5482402,2.7100758543395997,0.38605,2.4698586,0.60149,0.23969786,0.60437,0.23911265
228,2.792261347732544,0.37441,2.5522485,2.707897191619873,0.38695,2.4676788,0.60149,0.23970765,0.6029,0.23945089
229,2.781925658493042,0.37783,2.542313,2.717606382904053,0.38561,2.4773893,0.60149,0.23971803,0.60338,0.23937269
230,2.7767757054138182,0.37524,2.5378132,2.707792413482666,0.38566,2.4675689,0.60149,0.23970446,0.60499,0.23900685
231,2.7812945741271973,0.37603,2.5415375,2.7051599500274657,0.38858,2.4648826,0.60149,0.23969914,0.60164,0.23967136
232,2.784903578186035,0.3758,2.5454867,2.7137032166290282,0.3862,2.4734936,0.60149,0.23968306,0.60385,0.23924342
233,2.7888775019836425,0.37473,2.549771,2.7174901083374023,0.38495,2.477447,0.60149,0.23968501,0.60427,0.23919323
234,2.77614349319458,0.37741,2.5361404,2.7039335175323487,0.38771,2.4637814,0.60149,0.23971632,0.6009,0.23982726
235,2.775700326156616,0.37901,2.5360837,2.7255815142059325,0.38653,2.4853423,0.60149,0.23984835,0.60269,0.23950496
236,2.7776918466949465,0.37825,2.5386245,2.7115033261108397,0.38828,2.4712758,0.60149,0.23968448,0.60348,0.23930956
237,2.7934499531555175,0.37297,2.5538962,2.697167398147583,0.38929,2.4569461,0.60149,0.23974766,0.60407,0.23919067
238,2.775101968154907,0.37805,2.5359557,2.7198691120147704,0.38455,2.479732,0.60149,0.23972262,0.60572,0.23885596
239,2.7787487588500976,0.37796,2.539206,2.6986928775024412,0.38805,2.4584413,0.60149,0.23968355,0.60412,0.23923378
240,2.7805840588378907,0.3754,2.5407708,2.7046260597991942,0.38869,2.4644735,0.60149,0.23970512,0.60203,0.23961173
241,2.770931828689575,0.37789,2.530969,2.714933744506836,0.38601,2.4748526,0.60149,0.23968317,0.60261,0.23950635
242,2.781364741363525,0.37683,2.541892,2.707471385040283,0.38563,2.4671814,0.60149,0.23973778,0.60355,0.23934059
243,2.782419799118042,0.37601,2.542663,2.704417276611328,0.38837,2.4642684,0.60149,0.23968361,0.60294,0.23943897
244,2.7812269361114503,0.37703,2.5413282,2.709194675140381,0.3882,2.4690216,0.60149,0.23973702,0.60214,0.23959887
245,2.767504368286133,0.37945,2.5277777,2.707790957946777,0.38869,2.4674866,0.60149,0.23974128,0.60322,0.23937891
246,2.781710815811157,0.37484,2.5426583,2.7037017657470703,0.38865,2.4634702,0.60149,0.2396935,0.60574,0.23888181
247,2.7795872840881346,0.3775,2.539688,2.699442102203369,0.38846,2.459256,0.60149,0.23968302,0.60222,0.2395706
248,2.7645678011322024,0.3791,2.5247402,2.7070868420410155,0.38623,2.4667382,0.60149,0.23980656,0.6017,0.2396665
249,2.7871564344787596,0.37634,2.5467966,2.700011206817627,0.38959,2.459802,0.60149,0.2396942,0.59974,0.24009316
250,2.7815697871398926,0.37493,2.5420463,2.7056991302490236,0.38893,2.4655504,0.60149,0.23968722,0.60274,0.23952602
251,2.7730444834899903,0.37693,2.5327568,2.6987959619140627,0.38848,2.4585438,0.60149,0.23968877,0.60175,0.23966394
252,2.760781541366577,0.37912,2.521877,2.6951021320343016,0.38967,2.4549701,0.60149,0.23969269,0.60535,0.23891531
253,2.769781043243408,0.37822,2.5298464,2.7028986206817627,0.38907,2.4627066,0.60149,0.23968835,0.60108,0.23983526
254,2.7753156882476806,0.37747,2.5360682,2.700501177444458,0.38671,2.4603221,0.60149,0.23970424,0.60365,0.23926708
255,2.771445937957764,0.38005,2.5328915,2.6975716381073,0.38864,2.4573593,0.60149,0.23974799,0.60445,0.23912244
256,2.768876315307617,0.37859,2.5299244,2.691783649291992,0.38889,2.4515383,0.60149,0.23970409,0.60321,0.23936355
257,2.768655280685425,0.38005,2.5286915,2.698506548690796,0.39057,2.4583824,0.60149,0.23968643,0.60268,0.23946935
258,2.788137943344116,0.37709,2.5488808,2.700727516708374,0.38906,2.4603057,0.60149,0.23977736,0.60591,0.23880126
259,2.777577573394775,0.37578,2.5383213,2.702926525039673,0.38951,2.462777,0.60149,0.23968285,0.60228,0.23960271
260,2.7717603839874267,0.37751,2.5333598,2.695865636367798,0.3885,2.4557354,0.60149,0.23968327,0.60523,0.23897882
261,2.7736194367980955,0.37621,2.5347233,2.6918763690948486,0.38867,2.451735,0.60149,0.23969261,0.60374,0.2392619
262,2.7726807527160644,0.37686,2.5329971,2.700048826446533,0.3893,2.459794,0.60149,0.23970138,0.60289,0.23946613
263,2.77216977722168,0.37719,2.5328417,2.6958369107055664,0.38825,2.4556036,0.60149,0.23968367,0.6034,0.23935622
264,2.7680869371032717,0.37985,2.5288346,2.6934618518829345,0.39106,2.4531689,0.60149,0.23969485,0.60309,0.23938078
265,2.7851406385040285,0.37358,2.5461326,2.703013055343628,0.38815,2.4627755,0.60149,0.23969443,0.60293,0.23945296
266,2.7724865775299072,0.37689,2.5334568,2.7033474164581297,0.38682,2.463205,0.60149,0.2397039,0.60419,0.23918557
267,2.7652499867248537,0.37826,2.526004,2.699881753463745,0.39026,2.4596307,0.60149,0.2396833,0.60391,0.23922253
268,2.772299229736328,0.37625,2.5321126,2.6916513887786864,0.39141,2.4514256,0.60149,0.23968454,0.6017,0.23969293
269,2.7700524127960207,0.37816,2.5309083,2.7017773701477052,0.39095,2.4614356,0.60149,0.23988609,0.60348,0.2393135
270,2.758702593841553,0.37968,2.5196688,2.7045347761535643,0.38705,2.4643092,0.60149,0.2397194,0.60518,0.2389686
271,2.773857820739746,0.37732,2.5341895,2.6910421076965334,0.39007,2.4507654,0.60149,0.2397582,0.60251,0.23949459
272,2.7651998178863524,0.37671,2.525842,2.696779346542358,0.39037,2.4565423,0.60149,0.23972254,0.60473,0.23903005
273,2.7608484870910646,0.38022,2.5215702,2.6832391706085206,0.39027,2.4431033,0.60149,0.23969261,0.60351,0.23929287
274,2.7684003987884522,0.37822,2.5285187,2.69889453414917,0.38825,2.458804,0.60149,0.23968367,0.60408,0.23920237
275,2.7723104499053957,0.37747,2.533201,2.6838484967041016,0.3904,2.4437287,0.60149,0.23970826,0.60229,0.23960769
276,2.760028800201416,0.37853,2.5207677,2.697530907821655,0.38688,2.4574215,0.60149,0.23968312,0.60318,0.2393915
277,2.7577195712280274,0.37854,2.5173342,2.6888702379608156,0.38976,2.4487545,0.60149,0.23974968,0.60061,0.2399109
278,2.7620565309906007,0.37856,2.522402,2.68496838432312,0.39063,2.4448457,0.60149,0.23968332,0.60042,0.23995094
279,2.7541802877044677,0.38029,2.5141537,2.7034186434936522,0.38943,2.4633148,0.60149,0.23971218,0.59976,0.2401041
280,2.7665025708007813,0.37957,2.5267303,2.6896658279418943,0.38987,2.4494376,0.60149,0.23977889,0.60291,0.23947893
281,2.759146240081787,0.37909,2.5201318,2.693084205169678,0.3891,2.4528694,0.60149,0.23971759,0.60298,0.23942053
282,2.7631447524261477,0.37861,2.523331,2.68850019241333,0.38939,2.4482925,0.60149,0.23968332,0.60083,0.23984984
283,2.7674116847991943,0.3788,2.5276234,2.6849273630523682,0.39028,2.4446976,0.60149,0.23969541,0.60221,0.23959534
284,2.756755383453369,0.38003,2.5175197,2.6839815870666506,0.39167,2.4438107,0.60149,0.23969993,0.60327,0.23934548
285,2.774888812866211,0.37562,2.5355628,2.68542673248291,0.39,2.4453146,0.60149,0.23968312,0.60549,0.2388592
286,2.760686820068359,0.38038,2.5220275,2.681826375274658,0.38967,2.4416687,0.60149,0.23968418,0.60608,0.23876278
287,2.761090277633667,0.37847,2.5221157,2.7077874535369872,0.38929,2.4675941,0.60149,0.23969822,0.60559,0.23889361
288,2.7591152123260496,0.37829,2.5196168,2.697293140411377,0.39121,2.4571013,0.60149,0.23968296,0.60423,0.23916763
289,2.7538415531921387,0.37895,2.514065,2.705583092803955,0.38911,2.4650738,0.60149,0.23990063,0.60011,0.24001093
290,2.757549824142456,0.37966,2.517602,2.6818562407684325,0.39262,2.441682,0.60149,0.23972805,0.60197,0.23965257
291,2.7586757595062257,0.37968,2.5193355,2.684888836746216,0.39239,2.4446425,0.60149,0.23968343,0.60501,0.23901041
292,2.7587660081481933,0.37723,2.5189438,2.6814127897644044,0.39164,2.4411652,0.60149,0.2397012,0.60275,0.23948903
293,2.7700141582489013,0.37862,2.530765,2.6784945317077637,0.39145,2.4382718,0.60149,0.23969004,0.60261,0.23948066
294,2.762111478652954,0.378,2.5228884,2.6893346962738036,0.39048,2.4491105,0.60149,0.23968486,0.60353,0.2393157
295,2.7526996365356444,0.37914,2.5140505,2.68102505317688,0.39107,2.4408066,0.60149,0.23972401,0.60411,0.23916966
296,2.743281085128784,0.38051,2.5034883,2.684658702468872,0.38977,2.4444375,0.60149,0.23970853,0.6033,0.23933135
297,2.7440150094604494,0.38152,2.5044205,2.6933967991638186,0.3895,2.453108,0.60149,0.23969254,0.60367,0.23929198
298,2.7557572315979004,0.38077,2.516182,2.6789438524627687,0.39131,2.4387417,0.60149,0.23968871,0.60227,0.23958819
299,2.7475091528320315,0.38229,2.5079792,2.6854269702911377,0.39157,2.445158,0.60149,0.23969232,0.60208,0.2395814
300,2.745254758758545,0.38029,2.5066273,2.687996907043457,0.39016,2.4478042,0.60149,0.23969267,0.60458,0.23907456
301,2.7520928188323976,0.38192,2.513515,2.695184071121216,0.38726,2.4548862,0.60149,0.23977676,0.60489,0.23905711
302,2.758220773086548,0.37933,2.5184233,2.6842449102020263,0.39191,2.4440334,0.60149,0.23968309,0.60353,0.23933397
303,2.7593659646606445,0.38044,2.5196726,2.6825596627807617,0.39171,2.4423912,0.60149,0.23968385,0.60303,0.23938732
0,2.209010543823242,0.37939,2.5246115,2.180559433517456,0.38958,2.454651,0.60149,0.23968361,0.60096,0.23982221
1,2.207605430908203,0.37813,2.5209022,2.1756580207824707,0.39081,2.442396,0.60149,0.23968327,0.60079,0.23985833
2,2.204091539916992,0.37841,2.5266106,2.17591627204895,0.39219,2.4403129,0.60149,0.23989002,0.6064,0.2387213
3,2.2037324185180664,0.37905,2.5256631,2.182705884780884,0.38752,2.4598687,0.60149,0.23968987,0.6064,0.23867406
4,2.203306130371094,0.37917,2.5162852,2.1757974940872193,0.38934,2.4426033,0.60149,0.23969279,0.60331,0.2393305
5,2.199361100845337,0.38078,2.5129917,2.17420403213501,0.39085,2.43855,0.60149,0.23970282,0.60577,0.23886178
6,2.1992991610336303,0.38155,2.5051537,2.1773423133087157,0.38951,2.446475,0.60149,0.2396891,0.60301,0.23939371
7,2.203073625640869,0.38111,2.514511,2.176539467391968,0.39323,2.4441757,0.60149,0.23971517,0.60274,0.239465
8,2.201933552017212,0.37782,2.5173204,2.1741670887756346,0.39207,2.438658,0.60149,0.2396841,0.60505,0.23895258
9,2.199090570678711,0.38344,2.5057497,2.178803537750244,0.39068,2.4502914,0.60149,0.23968537,0.60341,0.23935786
10,2.197171791305542,0.37969,2.5093906,2.1792716108703614,0.39166,2.4492724,0.60149,0.23985139,0.6065,0.23870212
11,2.2075281597137453,0.37838,2.518215,2.1734994943237305,0.39153,2.4369776,0.60149,0.2396864,0.59999,0.2400058
12,2.201820381011963,0.37876,2.517341,2.1772030681610106,0.39207,2.4459934,0.60149,0.23969819,0.60531,0.23895517
13,2.204625422592163,0.37853,2.5141633,2.1785802097702027,0.39011,2.449656,0.60149,0.23968318,0.60118,0.23980063
14,2.20266419921875,0.38145,2.512425,2.1781542520141604,0.39198,2.4484513,0.60149,0.23968808,0.60218,0.23960182
15,2.2035711610412596,0.38072,2.517148,2.1730715266036986,0.39119,2.43592,0.60149,0.23968329,0.6033,0.23936427
16,2.200543971557617,0.38208,2.5023055,2.1725036930465698,0.39266,2.4341886,0.60149,0.23970242,0.60066,0.2398627
17,2.1984371546936035,0.38307,2.5004659,2.1772575590133667,0.39151,2.4463897,0.60149,0.239684,0.60195,0.23963995
18,2.201992445526123,0.38214,2.5131626,2.1779007664489747,0.39123,2.4478757,0.60149,0.23968357,0.6032,0.23937023
19,2.2048980780029295,0.37902,2.5183551,2.172948013381958,0.39059,2.4355054,0.60149,0.23968533,0.60255,0.23953758
20,2.1977507608032227,0.38162,2.509682,2.1821469898986816,0.38805,2.458126,0.60149,0.23971635,0.60614,0.23880284
21,2.2046483772277834,0.38027,2.5133471,2.1729094631958006,0.39324,2.435217,0.60149,0.23969993,0.60078,0.23988414
22,2.201585880584717,0.37991,2.5093424,2.1751439752960207,0.39204,2.4410367,0.60149,0.23968858,0.60221,0.23959097
0,2.1920319584655763,0.38407,2.4888792,2.1584759860992433,0.39754,2.3993194,0.60149,0.23969099,0.60357,0.23928562
1,2.188373399505615,0.38267,2.480765,2.156251473007202,0.39758,2.3935165,0.60149,0.2397099,0.60412,0.23913775
2,2.1839289799499513,0.38642,2.470178,2.1559162408447268,0.39767,2.3927262,0.60149,0.2397079,0.60402,0.23922086
3,2.185506823425293,0.38548,2.4691856,2.1553117991638184,0.3973,2.3914316,0.60149,0.23968759,0.60222,0.23956954
4,2.186381248779297,0.38798,2.4679306,2.153559289550781,0.39845,2.3871357,0.60149,0.23968327,0.60082,0.23983948
5,2.188637815246582,0.38639,2.4736142,2.1524674440002443,0.39871,2.3843668,0.60149,0.23968431,0.60062,0.2398521
6,2.182578000640869,0.38629,2.4574387,2.1521694201660155,0.39962,2.3836257,0.60149,0.2396843,0.60043,0.23992284
7,2.1771781705474855,0.38856,2.4576817,2.1515837817001344,0.39892,2.3819997,0.60149,0.23969853,0.60593,0.23878416
8,2.1794818675231933,0.38817,2.456833,2.150492851715088,0.39955,2.379447,0.60149,0.23968293,0.60316,0.23935997
9,2.1770181886291504,0.39024,2.4474602,2.1508060342407225,0.39953,2.3802166,0.60149,0.23968357,0.602,0.23964465
10,2.179614131011963,0.38915,2.452989,2.150811484603882,0.39876,2.380274,0.60149,0.2396836,0.60151,0.2396969
11,2.181380764312744,0.38678,2.4624996,2.1494004877471924,0.40039,2.3767712,0.60149,0.23968303,0.60366,0.23927446
12,2.1771274646377563,0.38927,2.4519067,2.1500294332122802,0.39944,2.3782046,0.60149,0.23969339,0.60381,0.23922011
13,2.179530804977417,0.39163,2.4519248,2.1490468380355834,0.4006,2.3758779,0.60149,0.23968291,0.60118,0.23975144
14,2.1807556926727294,0.38556,2.4603689,2.1486797509002686,0.40032,2.3748207,0.60149,0.23969205,0.60358,0.23926891
15,2.1809396894836426,0.38744,2.4584532,2.1485434280014037,0.39934,2.3746037,0.60149,0.23968309,0.60209,0.23959307
16,2.1744759561157228,0.38811,2.4479523,2.1483227178192137,0.40011,2.3738546,0.60149,0.23969622,0.60456,0.23909836
17,2.181824609298706,0.38668,2.4615264,2.1473136965179442,0.40101,2.371514,0.60149,0.23968321,0.60289,0.23941244
18,2.17504108795166,0.3904,2.444516,2.1475530261230467,0.40158,2.3721108,0.60149,0.23968546,0.60292,0.23939468
19,2.175786774749756,0.38702,2.450303,2.1469414660644532,0.40023,2.3704731,0.60149,0.23969305,0.60446,0.23910496
20,2.1775116006469726,0.38873,2.445568,2.146469074668884,0.40075,2.3694112,0.60149,0.23968545,0.60086,0.23987241
21,2.1739025286102294,0.38937,2.4469612,2.1478839093780517,0.40142,2.372694,0.60149,0.23970354,0.60496,0.23900917
22,2.1793337058258055,0.38755,2.4533718,2.145930418777466,0.40027,2.368035,0.60149,0.23968655,0.60198,0.2395794
23,2.17781166305542,0.38798,2.4545846,2.1464650079345704,0.40001,2.3693197,0.60149,0.23968908,0.60398,0.23918682
24,2.178019496383667,0.3865,2.452399,2.1456878984832763,0.40073,2.367441,0.60149,0.2396843,0.60294,0.23939002
25,2.1706078233337402,0.38807,2.4376373,2.1445125478363036,0.40112,2.3643615,0.60149,0.23969106,0.60436,0.23908524
26,2.1735580793762206,0.39062,2.4426892,2.1461008546447755,0.40084,2.3682358,0.60149,0.23970245,0.60352,0.23926477
27,2.1715842426300047,0.39042,2.4324574,2.144924415168762,0.40088,2.3655522,0.60149,0.23968315,0.60143,0.23969401
28,2.174680810012817,0.38829,2.443497,2.1445119984817507,0.40224,2.3645022,0.60149,0.23968323,0.60262,0.23945276
29,2.17144822013855,0.39308,2.4362304,2.144648185043335,0.40128,2.364721,0.60149,0.23969027,0.60305,0.23938331
30,2.1727358791351317,0.3923,2.4405222,2.14534983291626,0.40104,2.3662977,0.60149,0.23970322,0.60356,0.23929532
31,2.1774475744628905,0.38724,2.448358,2.1440707389068603,0.40244,2.3633845,0.60149,0.23968767,0.60185,0.23962028
32,2.174262023925781,0.3883,2.440263,2.144211567153931,0.40097,2.3637803,0.60149,0.2396831,0.60178,0.23961489
33,2.1739199457550047,0.38915,2.4440749,2.1440588374328615,0.40153,2.3633838,0.60149,0.2396843,0.6038,0.23925981
34,2.1772473096847533,0.3878,2.4486067,2.14383704536438,0.4023,2.3627453,0.60149,0.23968753,0.60238,0.23951298
35,2.1773786000061035,0.39109,2.449155,2.1438128519439696,0.4017,2.3626673,0.60149,0.23969094,0.60209,0.23955733
36,2.177501021194458,0.38958,2.4455621,2.143374153366089,0.40289,2.3616817,0.60149,0.23968305,0.60042,0.23992243
37,2.1748594627380373,0.38843,2.4455845,2.1433647885131837,0.402,2.3616276,0.60149,0.23968628,0.60322,0.23933595
38,2.1733846592712402,0.38932,2.4431765,2.1424568372726442,0.40305,2.359242,0.60149,0.23969409,0.6038,0.23924677
39,2.1790532944488525,0.38829,2.4545827,2.1418635930633543,0.40259,2.357886,0.60149,0.23968367,0.60251,0.23951228
40,2.1761727017211916,0.38858,2.4461894,2.14303417427063,0.40137,2.360583,0.60149,0.23970295,0.60254,0.23948999
41,2.1757588092803957,0.38825,2.446067,2.14175960647583,0.40281,2.3576539,0.60149,0.23968296,0.60262,0.2394615
42,2.167500633239746,0.39202,2.4311674,2.1418551261138914,0.4027,2.3574648,0.60149,0.2397165,0.6049,0.23898551
43,2.1767099950408935,0.38643,2.450819,2.142276308288574,0.40146,2.3588526,0.60149,0.2396871,0.60358,0.23929577
44,2.175271381378174,0.38812,2.4467335,2.1425737017822266,0.40231,2.359644,0.60149,0.23968583,0.60323,0.23933297
45,2.1718468101501465,0.39102,2.4372675,2.1423675331115724,0.40226,2.359127,0.60149,0.23968445,0.6033,0.23933885
46,2.1704922422027586,0.39004,2.437361,2.14166181060791,0.40242,2.3571894,0.60149,0.23969677,0.60442,0.23912567
47,2.1728398789978027,0.3874,2.4470525,2.142337052345276,0.40237,2.358716,0.60149,0.23971169,0.6059,0.2387959
48,2.1720061125183103,0.38769,2.448089,2.142429333114624,0.40231,2.3590238,0.60149,0.2397063,0.60694,0.23858014
49,2.167278526916504,0.39034,2.4312258,2.141452962799072,0.40238,2.3567529,0.60149,0.23969258,0.60509,0.23897031
50,2.1741361427688597,0.39076,2.4396951,2.1411260429382324,0.40416,2.3559947,0.60149,0.23968615,0.60199,0.23961547
51,2.1698542009735107,0.39248,2.434892,2.141041223602295,0.40357,2.3558393,0.60149,0.23968296,0.60393,0.23918998
52,2.1682424830627443,0.39282,2.434114,2.1407330953598023,0.40231,2.3549268,0.60149,0.2396944,0.60525,0.23889981
53,2.175959395599365,0.39068,2.4422162,2.1404942334365846,0.40146,2.3543348,0.60149,0.23969649,0.60089,0.2398198
54,2.1678782415008544,0.39161,2.4307175,2.1407776555633546,0.40173,2.355085,0.60149,0.23969197,0.60443,0.23908444
55,2.1667989096069338,0.39038,2.437856,2.1418608584594727,0.40209,2.3574169,0.60149,0.2397226,0.60804,0.23831297
56,2.169435458679199,0.39092,2.4291494,2.1411126510620115,0.40194,2.3559806,0.60149,0.23968685,0.60231,0.23955685
57,2.1736978312683104,0.38836,2.4454584,2.1405328704071045,0.40117,2.3543704,0.60149,0.23969792,0.60447,0.23909229
58,2.176928520050049,0.38767,2.447235,2.139169101638794,0.40275,2.351203,0.60149,0.2396829,0.60206,0.23959349
59,2.1720443202972413,0.39054,2.433531,2.1394226821136475,0.4021,2.35188,0.60149,0.23968306,0.60151,0.23971477
60,2.170868652267456,0.39007,2.4399238,2.1401286894226073,0.40362,2.3533654,0.60149,0.23970418,0.60491,0.23899664
61,2.1729788914489747,0.39003,2.4424407,2.140041018295288,0.4024,2.3533309,0.60149,0.23968568,0.60405,0.23917174
62,2.1696120574188233,0.39146,2.4258263,2.14006118850708,0.40306,2.353374,0.60149,0.23968336,0.60072,0.23987558
63,2.1687745767211912,0.38916,2.432671,2.139825314102173,0.40288,2.3527088,0.60149,0.23969115,0.60394,0.23918803
64,2.170049479522705,0.3902,2.4374719,2.139791128921509,0.40286,2.3523645,0.60149,0.23971099,0.60495,0.23898183
65,2.171011940841675,0.39221,2.4367783,2.1394469438934327,0.40231,2.351858,0.60149,0.23968732,0.60365,0.23927158
66,2.1731627369689943,0.38906,2.443164,2.139658442993164,0.4039,2.3523114,0.60149,0.2396947,0.60393,0.23917949
67,2.1724467025756837,0.38918,2.4384122,2.138939037475586,0.40306,2.350673,0.60149,0.23968309,0.60284,0.23943707
68,2.1720484854888915,0.38944,2.4380057,2.139327915992737,0.40427,2.3515732,0.60149,0.23968479,0.60307,0.23938324
69,2.1656148796081545,0.39205,2.4273047,2.138259200057983,0.40346,2.3488004,0.60149,0.23969299,0.60507,0.23899764
70,2.1699612841796876,0.39268,2.4324665,2.139514925765991,0.40408,2.3519907,0.60149,0.2396889,0.60283,0.2394471
71,2.1671318785095215,0.39169,2.4265676,2.1384378169250486,0.40335,2.3492084,0.60149,0.23969592,0.6035,0.23927557
72,2.169466294708252,0.39319,2.429117,2.138187918624878,0.4034,2.348699,0.60149,0.23968501,0.60223,0.23955402
73,2.1682922718811035,0.39034,2.4340446,2.138002420425415,0.40383,2.3481493,0.60149,0.23969138,0.60519,0.23896438
74,2.166940122756958,0.39213,2.4286528,2.1383954756927492,0.40475,2.3488004,0.60149,0.23971853,0.60437,0.23910718
75,2.168309025115967,0.39063,2.432975,2.1392770983886717,0.40377,2.3511581,0.60149,0.23971005,0.60487,0.23901482
76,2.169861346054077,0.39221,2.4310007,2.1386564250183104,0.40318,2.349917,0.60149,0.23968346,0.60241,0.23951454
77,2.1711415406799315,0.38962,2.4322073,2.139020216293335,0.40283,2.3507698,0.60149,0.23968378,0.60187,0.23960683
78,2.1744878652191164,0.38829,2.440701,2.137855743637085,0.4039,2.3478937,0.60149,0.23968302,0.60198,0.23964627
79,2.1719763891601565,0.39032,2.4354372,2.1385283612442016,0.4032,2.3496487,0.60149,0.23968348,0.60233,0.239537
80,2.1705635289001464,0.3897,2.4302208,2.138664708938599,0.40341,2.349867,0.60149,0.23968545,0.60134,0.23972535
81,2.1682841339111327,0.38888,2.4329853,2.1395676015472413,0.40417,2.3516243,0.60149,0.23972578,0.60476,0.23903202
82,2.1707321464538576,0.39078,2.4276905,2.138860375442505,0.40186,2.350362,0.60149,0.23968583,0.60044,0.2399155
83,2.165564702911377,0.39249,2.425243,2.138841011505127,0.40327,2.3502805,0.60149,0.23968785,0.60445,0.23910439
84,2.1670046551513673,0.39209,2.4287398,2.139594504852295,0.40319,2.3521678,0.60149,0.23968737,0.60424,0.23915233
85,2.169275398864746,0.39048,2.4282033,2.137416933517456,0.40342,2.3468225,0.60149,0.23968318,0.6021,0.23956758
86,2.169164106063843,0.39006,2.43358,2.138868623962402,0.40274,2.35044,0.60149,0.23968486,0.60445,0.2391012
87,2.1664947301483153,0.39361,2.4262056,2.137346088562012,0.40452,2.3465853,0.60149,0.23968473,0.60391,0.23921071
88,2.17495801322937,0.38996,2.4452395,2.1383454446411134,0.40331,2.349132,0.60149,0.23968327,0.60337,0.23931625
89,2.1722273985290528,0.39248,2.4288428,2.137393536682129,0.40442,2.3466027,0.60149,0.23969796,0.59927,0.24014111
90,2.170414597702026,0.3891,2.4360237,2.1377155289459226,0.40328,2.3474607,0.60149,0.23969421,0.60408,0.23918585
91,2.167573346710205,0.39173,2.4245355,2.1371586946105956,0.40377,2.3461716,0.60149,0.23968309,0.60214,0.239585
92,2.170678826751709,0.39191,2.4327786,2.137688610610962,0.40415,2.3474371,0.60149,0.23968545,0.60257,0.23946184
93,2.1631613140106203,0.39087,2.422827,2.13736952419281,0.40351,2.346463,0.60149,0.23970214,0.60593,0.23879243
94,2.1677015088653566,0.39014,2.4280767,2.1372046057891847,0.40376,2.345941,0.60149,0.23970771,0.60342,0.23931839
95,2.164966191329956,0.39297,2.423059,2.136556466751099,0.40376,2.3446345,0.60149,0.23968428,0.60424,0.23913465
96,2.1688267293548584,0.39114,2.4293413,2.138850422744751,0.40376,2.3503861,0.60149,0.23968461,0.60304,0.23939106
97,2.1685108560943602,0.39076,2.4285066,2.1370883267211913,0.40319,2.3459542,0.60149,0.23968299,0.60299,0.23938346
98,2.169678190689087,0.39047,2.4325671,2.136848116378784,0.40432,2.3453596,0.60149,0.23968321,0.60341,0.23930787
99,2.171018457107544,0.39027,2.4290943,2.137394068107605,0.40409,2.3466508,0.60149,0.23968855,0.60075,0.23986015
100,2.1657241996765135,0.39389,2.4234567,2.137689602050781,0.40423,2.3470507,0.60149,0.2397164,0.60364,0.23923428
101,2.1681115490722656,0.39053,2.4249203,2.1369857638549803,0.40365,2.345681,0.60149,0.23968524,0.60187,0.23965932
102,2.167158144989014,0.39194,2.4295762,2.1361765660858154,0.40397,2.34368,0.60149,0.23968303,0.6046,0.23907793
103,2.1659383920669555,0.39201,2.4277058,2.136403722076416,0.404,2.343851,0.60149,0.23971604,0.605,0.23892477
104,2.167601084289551,0.38905,2.4282107,2.1360477599716186,0.40389,2.3433347,0.60149,0.23968776,0.6035,0.23929572
105,2.165908718795776,0.38965,2.4264345,2.1366839177703856,0.40444,2.344683,0.60149,0.23970422,0.60454,0.23909897
106,2.1639643865966796,0.39216,2.4199026,2.1363024061203,0.40413,2.3440292,0.60149,0.2396851,0.60369,0.23925114
107,2.169938397293091,0.39033,2.4349897,2.13693396736145,0.40362,2.3455918,0.60149,0.23968655,0.60408,0.23917192
108,2.1689565299224856,0.38983,2.4341152,2.1369194972229004,0.40394,2.3452191,0.60149,0.23971169,0.60443,0.23907931
109,2.1661986726379396,0.39405,2.4173536,2.1364410678863526,0.4045,2.344368,0.60149,0.23968291,0.60086,0.23984295
110,2.164630636367798,0.39579,2.4202242,2.136573473739624,0.40422,2.3446987,0.60149,0.23968366,0.603,0.23941742
111,2.169187163696289,0.39037,2.431364,2.1365826596832274,0.40388,2.3447535,0.60149,0.23968306,0.60322,0.23936477
112,2.1681407167053224,0.39036,2.4296966,2.1363696377563475,0.40454,2.3442218,0.60149,0.23968315,0.60359,0.2392713
113,2.1693293836975096,0.39038,2.4283273,2.1363669009017943,0.40371,2.3441734,0.60149,0.23968714,0.60198,0.23963284
114,2.1680768305206297,0.39279,2.4236188,2.1363920126342775,0.40424,2.3442538,0.60149,0.23968302,0.60127,0.2397556
115,2.167830812454224,0.3903,2.4318633,2.1371400142669676,0.40379,2.346002,0.60149,0.23969482,0.60489,0.23901397
116,2.1703619593048096,0.39076,2.4321952,2.1356827589035032,0.40439,2.3424544,0.60149,0.2396872,0.60252,0.2394739
117,2.1693410387420653,0.39025,2.4261186,2.1362327154541014,0.40348,2.3438587,0.60149,0.2396845,0.60113,0.23981905
118,2.1636019348144533,0.39351,2.4169815,2.136063328552246,0.40439,2.34333,0.60149,0.23968896,0.60344,0.23929708
119,2.1620095080566406,0.39265,2.417287,2.1359164786148073,0.40445,2.343034,0.60149,0.23968405,0.6049,0.23906249
120,2.1657238174438476,0.39348,2.4232478,2.1360242555236817,0.4037,2.343268,0.60149,0.23968609,0.60349,0.2392744
121,2.1665591298675535,0.39404,2.42397,2.1358187769317625,0.40399,2.3427525,0.60149,0.23968643,0.60313,0.2393667
122,2.166167778778076,0.39101,2.423866,2.1353779343414305,0.4043,2.3416674,0.60149,0.2396847,0.60323,0.23934023
123,2.1645815057373046,0.39197,2.4224527,2.1356605934524535,0.40415,2.3423867,0.60149,0.23968598,0.60426,0.23915751
124,2.1698400030517577,0.39023,2.431681,2.1355610218048096,0.40383,2.3421779,0.60149,0.23968296,0.60284,0.23940429
125,2.16895353805542,0.3914,2.429409,2.1357039613342286,0.40404,2.3425553,0.60149,0.2396835,0.60256,0.23949538
126,2.1634462521362305,0.39255,2.420437,2.1349040803146364,0.40349,2.340131,0.60149,0.23971087,0.60468,0.23903888
127,2.1660012353515623,0.39206,2.4236465,2.1341236337661744,0.40479,2.338522,0.60149,0.23968633,0.6034,0.23935516
128,2.1709731761169433,0.39116,2.434728,2.135394706878662,0.40456,2.3417294,0.60149,0.23968336,0.60299,0.23938428
129,2.1716464502716066,0.3908,2.4304569,2.134779518699646,0.40499,2.3401952,0.60149,0.23968576,0.60077,0.23983523
130,2.1702192951965333,0.38959,2.4306266,2.1342523649597167,0.40492,2.33882,0.60149,0.2396882,0.60211,0.23960449
131,2.1629031102752685,0.39226,2.420758,2.135797066192627,0.40446,2.3426213,0.60149,0.2396962,0.60535,0.23889306
132,2.165967852020264,0.38952,2.428516,2.1353999993896484,0.40349,2.3416777,0.60149,0.23968782,0.60519,0.2389637
133,2.1638813093566895,0.39084,2.4237032,2.135401813240051,0.40454,2.341279,0.60149,0.2397164,0.60549,0.23887439
134,2.1701746485900877,0.38926,2.428228,2.1355059615707397,0.40433,2.3419359,0.60149,0.23968863,0.60118,0.23980334
135,2.1624638932800293,0.393,2.417582,2.1355679471969604,0.40457,2.342087,0.60149,0.23968853,0.60461,0.2390408
136,2.16537618560791,0.39355,2.4205863,2.134804122657776,0.40442,2.34025,0.60149,0.23968327,0.60262,0.23948765
137,2.1678459378814696,0.39274,2.4203823,2.134896735076904,0.40472,2.3402665,0.60149,0.23970214,0.60019,0.2399731
138,2.1654154596710207,0.3908,2.4257221,2.1351959020614624,0.40473,2.34109,0.60149,0.23969525,0.60472,0.23905703
139,2.1582036810302734,0.39292,2.4072177,2.1342231838226318,0.40483,2.3384564,0.60149,0.23970847,0.60451,0.2390935
140,2.1710082791137695,0.38851,2.4314096,2.134821549530029,0.40485,2.340183,0.60149,0.23969388,0.60157,0.23968701
141,2.16582186340332,0.39196,2.4224489,2.1351852229309083,0.40418,2.3411825,0.60149,0.23968633,0.60305,0.2394005
142,2.162809325256348,0.39189,2.420747,2.135018931503296,0.40486,2.3405118,0.60149,0.23970462,0.60533,0.23888288
143,2.166041287231445,0.38995,2.4231768,2.13428251121521,0.40509,2.3387694,0.60149,0.23969567,0.60325,0.23932499
144,2.1679831244659424,0.39272,2.4217575,2.1351755228424074,0.40398,2.3411722,0.60149,0.23968416,0.60065,0.2398934
145,2.1642636097717287,0.39348,2.4189706,2.13494795501709,0.40478,2.3404849,0.60149,0.23969012,0.60335,0.23934811
146,2.169341730422974,0.39074,2.4277189,2.134496795349121,0.4051,2.3394957,0.60149,0.23968318,0.60163,0.23968095
147,2.1694336489868165,0.39249,2.4214702,2.1349765895843507,0.40483,2.3404558,0.60149,0.23969975,0.5991,0.24018013
148,2.1617223593902586,0.39254,2.4152434,2.134472549209595,0.40355,2.3394542,0.60149,0.23968303,0.60436,0.23914853
149,2.1657166883850096,0.39058,2.4258742,2.1344900275421144,0.40458,2.339422,0.60149,0.23968789,0.60437,0.23908901
150,2.169616390991211,0.38865,2.4310124,2.1339532627105715,0.40481,2.3381224,0.60149,0.23968378,0.6029,0.23943731
151,2.1629503620910646,0.39258,2.415784,2.1339297400665282,0.40502,2.3380423,0.60149,0.23968567,0.60338,0.2393343
152,2.1611025596618654,0.39186,2.4153807,2.134665849075317,0.40414,2.339783,0.60149,0.23969236,0.60499,0.23897976
153,2.1664241542053224,0.39343,2.4200375,2.133578405456543,0.4055,2.337143,0.60149,0.23968552,0.60164,0.2396525
154,2.165176219558716,0.39284,2.422491,2.1335712074279787,0.40493,2.3371391,0.60149,0.23968627,0.60385,0.23919682
155,2.1654147771453855,0.39193,2.424492,2.134128531036377,0.40401,2.3385477,0.60149,0.23968613,0.60427,0.23914458
156,2.1665121762084962,0.39306,2.4183218,2.1351293562698364,0.40391,2.3411016,0.60149,0.23968649,0.6009,0.2397963
157,2.162356258239746,0.39555,2.4124587,2.1340174140930177,0.40534,2.3382504,0.60149,0.2396893,0.60269,0.23946105
158,2.1650777893066406,0.39136,2.4217215,2.1339661626434325,0.40452,2.3381348,0.60149,0.23968512,0.60348,0.23927622
159,2.168396495552063,0.3889,2.4308238,2.133419398498535,0.40467,2.3368013,0.60149,0.23968317,0.60407,0.23917425
160,2.15998602973938,0.39425,2.4142647,2.135145800857544,0.40467,2.3408318,0.60149,0.23970567,0.60572,0.23882882
161,2.1630710696411133,0.39353,2.4177759,2.1333757592010496,0.40568,2.3366115,0.60149,0.23968808,0.60412,0.23917463
162,2.1663288709259034,0.39151,2.4207878,2.1340754259490966,0.40411,2.3384342,0.60149,0.23968543,0.60203,0.23959778
163,2.1624831717681885,0.39272,2.4123323,2.1337951330566405,0.40582,2.3377836,0.60149,0.23968337,0.60261,0.23946796
164,2.164075359954834,0.39214,2.4187624,2.134040360984802,0.40443,2.3383868,0.60149,0.23968512,0.60355,0.23931079
165,2.16691532913208,0.39032,2.4245481,2.1334390578460694,0.40454,2.3368201,0.60149,0.23968573,0.60294,0.23939583
166,2.1670218022155763,0.39121,2.4226184,2.1329668530273436,0.40523,2.3356955,0.60149,0.23968312,0.60214,0.23958106
167,2.1609980725860596,0.39463,2.410107,2.1340338219451906,0.40497,2.3382285,0.60149,0.23969233,0.60322,0.2393443
168,2.1626602075958252,0.39204,2.4212472,2.1345110009002686,0.4046,2.339226,0.60149,0.23970762,0.60574,0.2388404
169,2.1668057983398437,0.39107,2.4224539,2.1335739524078368,0.40561,2.3372104,0.60149,0.23968391,0.60222,0.23954746
170,2.1612340590667722,0.39441,2.4072385,2.1341066682434082,0.40571,2.338517,0.60149,0.23968336,0.6017,0.23964047
171,2.17248897857666,0.39012,2.4301703,2.134089519958496,0.40568,2.3383832,0.60149,0.23968998,0.59974,0.24003874
172,2.1663114156341554,0.39049,2.422469,2.133922319755554,0.40523,2.3380718,0.60149,0.23968457,0.60274,0.2394974
173,2.1656444359588622,0.39344,2.4178,2.1336206976699827,0.40515,2.3372667,0.60149,0.23968557,0.60175,0.2396346
174,2.156528826370239,0.39587,2.4049737,2.1337401714324953,0.4053,2.337488,0.60149,0.23969448,0.60535,0.2388851
175,2.1641865299987795,0.3946,2.4129713,2.1340535929870605,0.4053,2.3383236,0.60149,0.23968883,0.60108,0.2398046
176,2.1646445635986327,0.39272,2.4209461,2.1328649586486814,0.40526,2.3353775,0.60149,0.23968752,0.60365,0.23922929
177,2.1614120745849608,0.39437,2.4153087,2.1348234867095948,0.40547,2.340079,0.60149,0.23970087,0.60445,0.23908944
178,2.1624949423980713,0.39425,2.4146843,2.1335087602615355,0.40567,2.3370001,0.60149,0.23968367,0.60321,0.2393496
179,2.1629028159332275,0.39599,2.4135275,2.133214620819092,0.40576,2.3362877,0.60149,0.23968323,0.60268,0.23944023
180,2.166983077697754,0.39114,2.4324112,2.13333095451355,0.40441,2.3363373,0.60149,0.23969728,0.60591,0.23878522
181,2.166591636962891,0.39144,2.4223201,2.133567956466675,0.40591,2.3371654,0.60149,0.23968327,0.60228,0.23956928
182,2.161765059661865,0.39266,2.41823,2.1334920417022705,0.40426,2.3367746,0.60149,0.23970062,0.60523,0.23895013
183,2.164361094818115,0.39288,2.4207752,2.1334865605163573,0.40491,2.3369887,0.60149,0.23968296,0.60374,0.23925094
184,2.164742071685791,0.39321,2.418923,2.1330233450317384,0.40492,2.3357935,0.60149,0.23968337,0.60289,0.23943524
185,2.162888304901123,0.39231,2.4158065,2.1331691300201414,0.40529,2.3360167,0.60149,0.239695,0.6034,0.2393278
186,2.163120295715332,0.39355,2.4158287,2.1342722679138184,0.40528,2.3389108,0.60149,0.23968302,0.60309,0.23936601
187,2.168194793319702,0.39085,2.428001,2.1330825859832765,0.40513,2.33596,0.60149,0.23968303,0.60293,0.2394374
188,2.1635783084869384,0.39183,2.4197228,2.1331578340148925,0.40538,2.335923,0.60149,0.23969913,0.60419,0.23915528
189,2.1611502321624756,0.39352,2.41263,2.1325124185943602,0.40566,2.3343518,0.60149,0.23969655,0.60391,0.23920467
190,2.1647303386306764,0.393,2.4153776,2.132828845825195,0.40488,2.335288,0.60149,0.23968372,0.6017,0.23966809
191,2.1633412898254396,0.39304,2.417463,2.134213768539429,0.40515,2.3387733,0.60149,0.23968516,0.60348,0.2393032
192,2.1590123196411133,0.39385,2.4105563,2.133526905212402,0.40658,2.3368921,0.60149,0.23969488,0.60518,0.23893808
193,2.167057916107178,0.3916,2.4236484,2.134020057220459,0.4052,2.3382866,0.60149,0.2396831,0.60251,0.23948762
194,2.1617078524780275,0.39233,2.4160137,2.1327900596237184,0.40409,2.3350732,0.60149,0.23969477,0.60473,0.23900144
195,2.162610948791504,0.39379,2.4153368,2.1329514792251585,0.40492,2.3355832,0.60149,0.23968449,0.60351,0.23926994
196,2.1634446217727663,0.39191,2.418465,2.1327991275024414,0.4068,2.335128,0.60149,0.23968937,0.60408,0.23917617
197,2.166620137023926,0.39186,2.42258,2.1332711360931396,0.40495,2.336457,0.60149,0.2396831,0.60229,0.23956867
198,2.1607914085388185,0.39453,2.410129,2.1319923877716063,0.4054,2.333256,0.60149,0.23968327,0.60318,0.23936746
199,2.1628449571228026,0.39491,2.4081292,2.1328400284194946,0.40501,2.3352778,0.60149,0.23969522,0.60061,0.23988871
200,2.163744443206787,0.39284,2.4105163,2.1332828872680665,0.40562,2.3364716,0.60149,0.23968361,0.60042,0.23991887
201,2.1627858315277098,0.39642,2.4064639,2.1325952950286866,0.40477,2.3347583,0.60149,0.23968516,0.59976,0.2400805
202,2.163421478881836,0.39279,2.415491,2.1327667705535887,0.40511,2.3350065,0.60149,0.23969468,0.60291,0.23943801
203,2.160368489074707,0.39401,2.4086435,2.133190995941162,0.40532,2.336189,0.60149,0.23968437,0.60298,0.23939775
204,2.1648019467163087,0.3945,2.4141202,2.132257569770813,0.40531,2.3338852,0.60149,0.23968387,0.60083,0.23982269
205,2.1660284925079347,0.39284,2.4205406,2.1329665670776365,0.40562,2.3356302,0.60149,0.23968486,0.60221,0.23956253
206,2.1598190715026857,0.39423,2.4078834,2.1324448205184936,0.40549,2.3342323,0.60149,0.23969321,0.60327,0.23931828
207,2.1649787421798705,0.38871,2.4261315,2.1337908081817627,0.405,2.3377707,0.60149,0.23968332,0.60549,0.23884188
208,2.160885790710449,0.39277,2.4179363,2.133225502319336,0.40391,2.3362,0.60149,0.2396935,0.60608,0.23874867
209,2.1590395708465575,0.39447,2.4118812,2.133402430152893,0.40573,2.336524,0.60149,0.23969996,0.60559,0.23886706
210,2.1587989545440673,0.39294,2.4074638,2.1346407242584227,0.40454,2.3397892,0.60149,0.23968734,0.60423,0.23914513
211,2.163051452484131,0.39384,2.4078803,2.132768576126099,0.40558,2.3347716,0.60149,0.23971522,0.60011,0.23999816
212,2.162128396987915,0.39225,2.409786,2.132865454521179,0.40568,2.3354158,0.60149,0.2396835,0.60197,0.23963599
213,2.1581985180664063,0.39651,2.407935,2.132168035430908,0.40595,2.333457,0.60149,0.23969708,0.60501,0.23898411
214,2.161860893096924,0.39287,2.4112542,2.1317939352416992,0.40544,2.3327272,0.60149,0.23968281,0.60275,0.23946995
215,2.1665894648742676,0.39278,2.4230652,2.1332129528045654,0.40524,2.3363082,0.60149,0.23968321,0.60261,0.2394599
216,2.1665480743408203,0.39109,2.425421,2.1334131944656374,0.40549,2.3367636,0.60149,0.23968317,0.60353,0.23929012
217,2.1621938455200196,0.3918,2.4164689,2.132264431228638,0.40529,2.333876,0.60149,0.2396851,0.60411,0.23914576
218,2.1591879704284667,0.39447,2.40594,2.1324402491760255,0.40572,2.3343499,0.60149,0.23968394,0.6033,0.2393194
219,2.158853773422241,0.39458,2.4061854,2.133077883796692,0.40414,2.3359091,0.60149,0.23968297,0.60367,0.23927987
220,2.1654468446350097,0.39271,2.419284,2.132794265975952,0.40565,2.3351343,0.60149,0.23969115,0.60227,0.23956345
221,2.1630181383514406,0.39468,2.4127803,2.133204194869995,0.40607,2.3361657,0.60149,0.23969124,0.60208,0.23956783
222,2.1599317379760743,0.39322,2.4118419,2.133593063697815,0.40458,2.3371851,0.60149,0.2396865,0.60458,0.23906466
223,2.162085766067505,0.39258,2.418069,2.133408286972046,0.40417,2.336685,0.60149,0.2396894,0.60489,0.23903479
224,2.165561162414551,0.38999,2.4222662,2.132885409698486,0.40576,2.3353677,0.60149,0.23969015,0.60353,0.2393038
225,2.1676081829071046,0.3914,2.4263897,2.131890477294922,0.40572,2.3329608,0.60149,0.23968455,0.60303,0.2393695
226,2.15873568107605,0.39182,2.4153686,2.132826783981323,0.40641,2.335062,0.60149,0.23970124,0.60735,0.2384895
227,2.1633522592163086,0.39043,2.4222832,2.132394827079773,0.40529,2.3341897,0.60149,0.2396842,0.60561,0.23885326
228,2.1589889010620116,0.39783,2.4041972,2.132467459640503,0.40543,2.3343976,0.60149,0.23968334,0.60259,0.23945014
229,2.165838562011719,0.39315,2.420347,2.1325377624511717,0.40609,2.334585,0.60149,0.23968352,0.60216,0.23957255
230,2.1597656477355955,0.39374,2.4144197,2.1319040814208985,0.40538,2.3328052,0.60149,0.23970284,0.60609,0.2387633
231,2.1673505793762207,0.39322,2.4250014,2.1333585195159914,0.40542,2.3366015,0.60149,0.2396862,0.60263,0.23946594
232,2.165529663848877,0.39292,2.4214706,2.1324742221832276,0.40549,2.3342798,0.60149,0.23969388,0.60313,0.2393618
233,2.1632418034362795,0.39266,2.4202087,2.1324609439849853,0.40638,2.3341708,0.60149,0.23969825,0.60442,0.23909232
234,2.166380588684082,0.39114,2.42424,2.132183640899658,0.40636,2.3335154,0.60149,0.23969355,0.6034,0.23930685
235,2.1623402652359007,0.39431,2.4150023,2.1322123331451417,0.40597,2.3337421,0.60149,0.23968613,0.60371,0.23923323
236,2.1604669158935548,0.39247,2.4140172,2.1327442727661134,0.40545,2.3349297,0.60149,0.23969336,0.60503,0.23895395
237,2.168778459777832,0.39244,2.4252222,2.133751214752197,0.40509,2.3376281,0.60149,0.23968302,0.60124,0.23976701
238,2.16648809715271,0.39224,2.4281027,2.1325786167144773,0.40467,2.3344562,0.60149,0.23969936,0.60478,0.23902601
239,2.1579680790710447,0.39515,2.4048505,2.1329584045028684,0.40577,2.3354084,0.60149,0.23970126,0.60386,0.23922125
240,2.1647131327819826,0.39197,2.419792,2.1333429530715944,0.40524,2.3365874,0.60149,0.23968296,0.60325,0.23934516
241,2.1655950856018067,0.39058,2.4251568,2.132709551315308,0.40554,2.334982,0.60149,0.23968449,0.60437,0.2391329
242,2.1663413928222655,0.39268,2.4218318,2.131669704170227,0.4059,2.3323796,0.60149,0.23968303,0.60227,0.2395272
243,2.1667589112091066,0.39254,2.4192028,2.132723442230225,0.40598,2.3350434,0.60149,0.23968303,0.60084,0.23985116
244,2.1598593826293944,0.39399,2.4085271,2.132938835144043,0.406,2.3355322,0.60149,0.2396889,0.6033,0.2393095
245,2.1648515753173827,0.39232,2.4198086,2.1321952743530272,0.40568,2.333751,0.60149,0.23968296,0.60308,0.23939258
246,2.1655875609588624,0.39145,2.4194672,2.132295132446289,0.40609,2.3340092,0.60149,0.23968413,0.60245,0.23949294
247,2.167579265899658,0.39101,2.4262607,2.131580311126709,0.40639,2.3321924,0.60149,0.2396843,0.60293,0.23939583
248,2.165304946746826,0.39015,2.4253278,2.134926145019531,0.40533,2.3402667,0.60149,0.23970844,0.60455,0.23904575
249,2.16402750579834,0.39201,2.4184656,2.131886770896912,0.40531,2.3329208,0.60149,0.23968796,0.60325,0.2393959
250,2.1631365661621094,0.39076,2.4273422,2.1320331955718994,0.40629,2.3332608,0.60149,0.23968937,0.6073,0.23847796
251,2.1613219218444826,0.39466,2.4122145,2.1322397479248045,0.40606,2.3336425,0.60149,0.2397009,0.6036,0.23927201
252,2.164561970062256,0.39058,2.4205468,2.132244293136597,0.40543,2.333813,0.60149,0.23968954,0.60345,0.23929425
253,2.169901287918091,0.39249,2.430674,2.131095454406738,0.40634,2.3309863,0.60149,0.2396836,0.60246,0.2394954
254,2.162054521408081,0.39193,2.4115512,2.130947084121704,0.40586,2.3305962,0.60149,0.2396843,0.60262,0.23946421
255,2.164309528961182,0.39308,2.4188128,2.1310072175598145,0.4063,2.3307636,0.60149,0.23968324,0.60331,0.23932344
256,2.168045230407715,0.39245,2.421057,2.133525043373108,0.40575,2.3370345,0.60149,0.23968352,0.60045,0.23991708
257,2.166511072845459,0.39005,2.424983,2.1317205926132203,0.40571,2.3324955,0.60149,0.23968877,0.60358,0.2392815
258,2.1644214137268065,0.39307,2.4184017,2.1311846157073973,0.40532,2.3311896,0.60149,0.23968574,0.60291,0.23937427
259,2.1593857388305664,0.39447,2.4112647,2.132194653739929,0.40641,2.3336947,0.60149,0.2396865,0.6047,0.23905395
260,2.1661599588012694,0.39142,2.4202223,2.1312760792541505,0.40544,2.3314772,0.60149,0.23968302,0.6021,0.23959187
261,2.165188484573364,0.39163,2.4228017,2.130800803718567,0.40666,2.3302233,0.60149,0.2396848,0.60404,0.23919775
262,2.1618599715423583,0.39276,2.414797,2.131369884414673,0.40519,2.3314753,0.60149,0.239698,0.60412,0.23919179
263,2.1670980128479003,0.38981,2.4308903,2.1312000106048585,0.40658,2.3311398,0.60149,0.23969142,0.60506,0.2389843
264,2.1664096624755858,0.39372,2.4181552,2.131327936477661,0.40657,2.3315077,0.60149,0.23968583,0.60101,0.23980604
265,2.164827617034912,0.39174,2.4210339,2.130781890563965,0.40638,2.3301456,0.60149,0.2396872,0.60335,0.23934491
266,2.168779931793213,0.39002,2.4284494,2.132143272857666,0.40615,2.3335822,0.60149,0.23968312,0.60243,0.23951547
267,2.165047938537598,0.39136,2.419043,2.130568078765869,0.40603,2.329637,0.60149,0.23968321,0.60279,0.2394489
268,2.16264652633667,0.39271,2.414003,2.1309313610839844,0.40511,2.3304794,0.60149,0.2396894,0.60302,0.239406
269,2.1611367848968506,0.39469,2.406671,2.131510464096069,0.40497,2.3320308,0.60149,0.23968299,0.60159,0.23967114
270,2.166600319137573,0.38981,2.4224277,2.1307292194366454,0.40675,2.3300488,0.60149,0.23968612,0.6024,0.23953526
271,2.1654629481506347,0.39273,2.4210572,2.1322228221130373,0.40613,2.333801,0.60149,0.23968296,0.60288,0.23941807
272,2.1651655809783934,0.39328,2.4165149,2.1317066133117675,0.40618,2.3324695,0.60149,0.23968828,0.60158,0.23969223
273,2.1650168589782717,0.39068,2.4250984,2.131422625350952,0.40627,2.331653,0.60149,0.23969685,0.60514,0.23898453
274,2.1687705458831785,0.3922,2.426924,2.130596600532532,0.40675,2.3296947,0.60149,0.23968491,0.60171,0.23962824
275,2.1637544429016113,0.39371,2.4138973,2.131708170776367,0.40578,2.3325202,0.60149,0.23968334,0.60143,0.23970744
276,2.16564877784729,0.39109,2.4227464,2.13108922416687,0.40572,2.3309262,0.60149,0.23968598,0.60348,0.239306
277,2.165443413772583,0.39108,2.420777,2.1311996932983397,0.40645,2.3312128,0.60149,0.23968557,0.60282,0.23941559
278,2.163357574920654,0.39021,2.4235806,2.1311265270614625,0.40598,2.3305068,0.60149,0.23972826,0.60602,0.23878732
279,2.1617346002197264,0.3929,2.414278,2.1326592671966553,0.40585,2.334882,0.60149,0.23968491,0.60386,0.23919822
280,2.1596448765563965,0.39328,2.4149575,2.1309131307220457,0.40496,2.3302023,0.60149,0.2397077,0.60611,0.23877956
281,2.167610447845459,0.39223,2.425608,2.13030818611145,0.40649,2.328973,0.60149,0.2396841,0.60281,0.23945922
282,2.1661152201843263,0.3932,2.414038,2.1303540859222414,0.40516,2.3291059,0.60149,0.23968577,0.59958,0.24008209
283,2.160581749420166,0.39234,2.420878,2.1317357836151123,0.40636,2.3324668,0.60149,0.23969413,0.60739,0.23847054
284,2.16121609954834,0.39362,2.410827,2.1311735819244384,0.40652,2.3311577,0.60149,0.23968518,0.60309,0.23937023
285,2.162653858566284,0.39381,2.4173398,2.131450990829468,0.40568,2.3316588,0.60149,0.23969936,0.60417,0.23915136
286,2.1630929628753663,0.39409,2.4214048,2.130968624191284,0.40701,2.3306234,0.60149,0.23968773,0.60537,0.23890112
287,2.1640776643371584,0.39166,2.418304,2.130195461578369,0.4064,2.3287513,0.60149,0.23968363,0.60318,0.2393489
288,2.1584441194152832,0.39417,2.4072783,2.131195654296875,0.40658,2.3311977,0.60149,0.23968416,0.60437,0.23912705
289,2.161835557785034,0.3944,2.4160483,2.1301328527832033,0.40528,2.3286202,0.60149,0.23968357,0.60455,0.23910251
290,2.1670786147308347,0.39237,2.418797,2.1299504739379884,0.40638,2.3281834,0.60149,0.23968327,0.60058,0.23990625
291,2.164731663894653,0.39197,2.418048,2.1314064084625244,0.40719,2.3317637,0.60149,0.23968466,0.6025,0.23952666
292,2.1656999807739257,0.39103,2.420386,2.1313573324584962,0.40661,2.331681,0.60149,0.23968291,0.60249,0.23948117
293,2.1669904611206054,0.3918,2.420663,2.130909683227539,0.40628,2.3305576,0.60149,0.23968287,0.60128,0.2397621
294,2.1637355567169188,0.39178,2.4186287,2.1316468212890625,0.40582,2.3323853,0.60149,0.2396831,0.60383,0.23921543
295,2.1665247466278075,0.3885,2.4230735,2.12997052696228,0.40643,2.3281343,0.60149,0.23968558,0.60268,0.23946868
296,2.163771385421753,0.39272,2.416753,2.1296750259399415,0.40635,2.3272986,0.60149,0.23969218,0.60305,0.23940222
297,2.1669525897216797,0.39122,2.4206748,2.130838863143921,0.40584,2.3303514,0.60149,0.23968448,0.60116,0.23975429
298,2.167389573364258,0.39187,2.4203296,2.1313322566223145,0.40551,2.3315573,0.60149,0.23968324,0.60088,0.23984495
299,2.163511709289551,0.39354,2.415991,2.1312087577056884,0.40621,2.3312905,0.60149,0.23968416,0.60283,0.23943381
